DEBUG     Checking PHPLS_ALLOW_XDEBUG
DEBUG     The xdebug extension is not loaded

[Info  - 4:03:49 PM] 8544 files total
[Info  - 4:03:50 PM] Indexing project for definitions and static references
Parsing file:///var/www/html/iestate/index.php
Parsing file:///var/www/html/iestate/tests/TestCase.php
Parsing file:///var/www/html/iestate/tests/Unit/ExampleTest.php
Parsing file:///var/www/html/iestate/tests/Feature/ExampleTest.php
Parsing file:///var/www/html/iestate/tests/CreatesApplication.php
Parsing file:///var/www/html/iestate/tests/Browser/LandlordTest.php
Parsing file:///var/www/html/iestate/tests/Browser/UsersTest.php
Parsing file:///var/www/html/iestate/tests/Browser/TenantTest.php
Parsing file:///var/www/html/iestate/tests/Browser/RequistionTest.php
Parsing file:///var/www/html/iestate/tests/Browser/PropertyCategoryTest.php
Parsing file:///var/www/html/iestate/tests/Browser/RolesTest.php
Parsing file:///var/www/html/iestate/tests/Browser/IncomeCategoryTest.php
Parsing file:///var/www/html/iestate/tests/Browser/PropertyTest.php
Parsing file:///var/www/html/iestate/tests/Browser/VacancyTest.php
Parsing file:///var/www/html/iestate/tests/Browser/PermissionsTest.php
Parsing file:///var/www/html/iestate/tests/Browser/ExpenseCategoryTest.php
Parsing file:///var/www/html/iestate/tests/Browser/ExpenseTest.php
Parsing file:///var/www/html/iestate/tests/Browser/IncomeTest.php
Parsing file:///var/www/html/iestate/tests/Browser/PaymentTest.php
Parsing file:///var/www/html/iestate/tests/Browser/PropertyTagTest.php
Parsing file:///var/www/html/iestate/app/Console/Kernel.php
Parsing file:///var/www/html/iestate/app/Requistion.php
Parsing file:///var/www/html/iestate/app/User.php
Parsing file:///var/www/html/iestate/app/ExpenseCategory.php
Parsing file:///var/www/html/iestate/app/PropertyTag.php
Parsing file:///var/www/html/iestate/app/Landlord.php
Parsing file:///var/www/html/iestate/app/Http/Requests/MassDestroyRoleRequest.php
Parsing file:///var/www/html/iestate/app/Http/Requests/MassDestroyPropertyTagRequest.php
Parsing file:///var/www/html/iestate/app/Http/Requests/UpdateVacancyRequest.php
Parsing file:///var/www/html/iestate/app/Http/Requests/StorePropertyRequest.php
Parsing file:///var/www/html/iestate/app/Http/Requests/StorePermissionRequest.php
Parsing file:///var/www/html/iestate/app/Http/Requests/StoreTenantRequest.php
Parsing file:///var/www/html/iestate/app/Http/Requests/UpdateLandlordRequest.php
Parsing file:///var/www/html/iestate/app/Http/Requests/UpdateExpenseCategoryRequest.php
Parsing file:///var/www/html/iestate/app/Http/Requests/UpdateRequistionRequest.php
Parsing file:///var/www/html/iestate/app/Http/Requests/UpdatePermissionRequest.php
Parsing file:///var/www/html/iestate/app/Http/Requests/StoreProductRequest.php
Parsing file:///var/www/html/iestate/app/Http/Requests/UpdateRoleRequest.php
Parsing file:///var/www/html/iestate/app/Http/Requests/UpdateIncomeCategoryRequest.php
Parsing file:///var/www/html/iestate/app/Http/Requests/StoreRoleRequest.php
Parsing file:///var/www/html/iestate/app/Http/Requests/UpdateTenantRequest.php
Parsing file:///var/www/html/iestate/app/Http/Requests/StorePaymentRequest.php
Parsing file:///var/www/html/iestate/app/Http/Requests/MassDestroyLandlordRequest.php
Parsing file:///var/www/html/iestate/app/Http/Requests/MassDestroyPropertyRequest.php
Parsing file:///var/www/html/iestate/app/Http/Requests/StoreIncomeCategoryRequest.php
Parsing file:///var/www/html/iestate/app/Http/Requests/UpdateUserRequest.php
Parsing file:///var/www/html/iestate/app/Http/Requests/UpdateProductCategoryRequest.php
Parsing file:///var/www/html/iestate/app/Http/Requests/MassDestroyUserRequest.php
Parsing file:///var/www/html/iestate/app/Http/Requests/StoreUserRequest.php
Parsing file:///var/www/html/iestate/app/Http/Requests/UpdateProductTagRequest.php
Parsing file:///var/www/html/iestate/app/Http/Requests/StoreRequistionRequest.php
Parsing file:///var/www/html/iestate/app/Http/Requests/MassDestroyIncomeCategoryRequest.php
Parsing file:///var/www/html/iestate/app/Http/Requests/MassDestroyRequistionRequest.php
Parsing file:///var/www/html/iestate/app/Http/Requests/MassDestroyExpenseRequest.php
Parsing file:///var/www/html/iestate/app/Http/Requests/UpdateIncomeRequest.php
Parsing file:///var/www/html/iestate/app/Http/Requests/StoreExpenseRequest.php
Parsing file:///var/www/html/iestate/app/Http/Requests/UpdateProductRequest.php
Parsing file:///var/www/html/iestate/app/Http/Requests/UpdatePaymentRequest.php
Parsing file:///var/www/html/iestate/app/Http/Requests/UpdatePropertyRequest.php
Parsing file:///var/www/html/iestate/app/Http/Requests/StoreProductCategoryRequest.php
Parsing file:///var/www/html/iestate/app/Http/Requests/StoreLandlordRequest.php
Parsing file:///var/www/html/iestate/app/Http/Requests/MassDestroyPaymentRequest.php
Parsing file:///var/www/html/iestate/app/Http/Requests/MassDestroyPermissionRequest.php
Parsing file:///var/www/html/iestate/app/Http/Requests/StoreVacancyRequest.php
Parsing file:///var/www/html/iestate/app/Http/Requests/StoreIncomeRequest.php
Parsing file:///var/www/html/iestate/app/Http/Requests/MassDestroyTenantRequest.php
Parsing file:///var/www/html/iestate/app/Http/Requests/MassDestroyIncomeRequest.php
Parsing file:///var/www/html/iestate/app/Http/Requests/MassDestroyVacancyRequest.php
Parsing file:///var/www/html/iestate/app/Http/Requests/StoreProductTagRequest.php
Parsing file:///var/www/html/iestate/app/Http/Requests/MassDestroyExpenseCategoryRequest.php
Parsing file:///var/www/html/iestate/app/Http/Requests/UpdateExpenseRequest.php
Parsing file:///var/www/html/iestate/app/Http/Requests/StoreExpenseCategoryRequest.php
Parsing file:///var/www/html/iestate/app/Http/Requests/MassDestroyPropertyCategoryRequest.php
Parsing file:///var/www/html/iestate/app/Http/Controllers/Auth/ResetPasswordController.php
Parsing file:///var/www/html/iestate/app/Http/Controllers/Auth/VerificationController.php
Parsing file:///var/www/html/iestate/app/Http/Controllers/Auth/ForgotPasswordController.php
Parsing file:///var/www/html/iestate/app/Http/Controllers/Auth/RegisterController.php
Parsing file:///var/www/html/iestate/app/Http/Controllers/Auth/LoginController.php
Parsing file:///var/www/html/iestate/app/Http/Controllers/HomeController.php
Parsing file:///var/www/html/iestate/app/Http/Controllers/Admin/ExpenseController.php
Parsing file:///var/www/html/iestate/app/Http/Controllers/Admin/ReceiptController.php
Parsing file:///var/www/html/iestate/app/Http/Controllers/Admin/HomeController.php
Parsing file:///var/www/html/iestate/app/Http/Controllers/Admin/TenantController.php
Parsing file:///var/www/html/iestate/app/Http/Controllers/Admin/EmailController.php
Parsing file:///var/www/html/iestate/app/Http/Controllers/Admin/VacancyController.php
Parsing file:///var/www/html/iestate/app/Http/Controllers/Admin/IncomeController.php
Parsing file:///var/www/html/iestate/app/Http/Controllers/Admin/RequistionController.php
Parsing file:///var/www/html/iestate/app/Http/Controllers/Admin/ReportController.php
Parsing file:///var/www/html/iestate/app/Http/Controllers/Admin/PropertyCategoryController.php
Parsing file:///var/www/html/iestate/app/Http/Controllers/Admin/PaymentController.php
Parsing file:///var/www/html/iestate/app/Http/Controllers/Admin/ExpenseReportController.php
Parsing file:///var/www/html/iestate/app/Http/Controllers/Admin/PropertyTagController.php
Parsing file:///var/www/html/iestate/app/Http/Controllers/Admin/IncomeCategoryController.php
Parsing file:///var/www/html/iestate/app/Http/Controllers/Admin/ExpenseCategoryController.php
Parsing file:///var/www/html/iestate/app/Http/Controllers/Admin/PropertyController.php
Parsing file:///var/www/html/iestate/app/Http/Controllers/Admin/UsersController.php
Parsing file:///var/www/html/iestate/app/Http/Controllers/Admin/LandlordController.php
Parsing file:///var/www/html/iestate/app/Http/Controllers/Admin/MessageController.php
Parsing file:///var/www/html/iestate/app/Http/Controllers/Admin/PermissionsController.php
Parsing file:///var/www/html/iestate/app/Http/Controllers/Admin/RolesController.php
Parsing file:///var/www/html/iestate/app/Http/Controllers/Controller.php
Parsing file:///var/www/html/iestate/app/Http/Controllers/Api/V1/Admin/PropertyCategoryApiController.php
Parsing file:///var/www/html/iestate/app/Http/Controllers/Api/V1/Admin/ExpenseCategoryApiController.php
Parsing file:///var/www/html/iestate/app/Http/Controllers/Api/V1/Admin/PermissionsApiController.php
Parsing file:///var/www/html/iestate/app/Http/Controllers/Api/V1/Admin/PropertyApiController.php
Parsing file:///var/www/html/iestate/app/Http/Controllers/Api/V1/Admin/RolesApiController.php
Parsing file:///var/www/html/iestate/app/Http/Controllers/Api/V1/Admin/PropertyTagApiController.php
Parsing file:///var/www/html/iestate/app/Http/Controllers/Api/V1/Admin/ExpenseApiController.php
Parsing file:///var/www/html/iestate/app/Http/Controllers/Api/V1/Admin/TenantApiController.php
Parsing file:///var/www/html/iestate/app/Http/Controllers/Api/V1/Admin/IncomeApiController.php
Parsing file:///var/www/html/iestate/app/Http/Controllers/Api/V1/Admin/PaymentApiController.php
Parsing file:///var/www/html/iestate/app/Http/Controllers/Api/V1/Admin/UsersApiController.php
Parsing file:///var/www/html/iestate/app/Http/Controllers/Api/V1/Admin/VacancyApiController.php
Parsing file:///var/www/html/iestate/app/Http/Controllers/Api/V1/Admin/LandlordApiController.php
Parsing file:///var/www/html/iestate/app/Http/Controllers/Api/V1/Admin/IncomeCategoryApiController.php
Parsing file:///var/www/html/iestate/app/Http/Controllers/Api/V1/Admin/RequistionApiController.php
Parsing file:///var/www/html/iestate/app/Http/Controllers/Traits/MediaUploadingTrait.php
Parsing file:///var/www/html/iestate/app/Http/Middleware/AuthGates.php
Parsing file:///var/www/html/iestate/app/Http/Middleware/SetLocale.php
Parsing file:///var/www/html/iestate/app/Http/Middleware/TrustProxies.php
Parsing file:///var/www/html/iestate/app/Http/Middleware/TrimStrings.php
Parsing file:///var/www/html/iestate/app/Http/Middleware/VerifyCsrfToken.php
Parsing file:///var/www/html/iestate/app/Http/Middleware/RedirectIfAuthenticated.php
Parsing file:///var/www/html/iestate/app/Http/Middleware/CheckForMaintenanceMode.php
Parsing file:///var/www/html/iestate/app/Http/Middleware/EncryptCookies.php
Parsing file:///var/www/html/iestate/app/Http/Middleware/Authenticate.php
Parsing file:///var/www/html/iestate/app/Http/Kernel.php
Parsing file:///var/www/html/iestate/app/Property.php
Parsing file:///var/www/html/iestate/app/Income.php
Parsing file:///var/www/html/iestate/app/Events/MessageSent.php
Parsing file:///var/www/html/iestate/app/Events/WebsocketDemoEvent.php
Parsing file:///var/www/html/iestate/app/Events/Event.php
Parsing file:///var/www/html/iestate/app/Events/PrivateMessageSent.php
Parsing file:///var/www/html/iestate/app/Providers/BroadcastServiceProvider.php
Parsing file:///var/www/html/iestate/app/Providers/AuthServiceProvider.php
Parsing file:///var/www/html/iestate/app/Providers/EventServiceProvider.php
Parsing file:///var/www/html/iestate/app/Providers/RouteServiceProvider.php
Parsing file:///var/www/html/iestate/app/Providers/AppServiceProvider.php
Parsing file:///var/www/html/iestate/app/Listeners/EventListener.php
Parsing file:///var/www/html/iestate/app/Role.php
Parsing file:///var/www/html/iestate/app/PropertyCategory.php
Parsing file:///var/www/html/iestate/app/Payment.php
Parsing file:///var/www/html/iestate/app/IncomeCategory.php
Parsing file:///var/www/html/iestate/app/Tenant.php
Parsing file:///var/www/html/iestate/app/Message.php
Parsing file:///var/www/html/iestate/app/Exceptions/Handler.php
Parsing file:///var/www/html/iestate/app/Permission.php
Parsing file:///var/www/html/iestate/app/Vacancy.php
Parsing file:///var/www/html/iestate/app/Expense.php
Parsing file:///var/www/html/iestate/database/seeds/TenantsTableSeeder.php
[Info  - 4:03:53 PM] Ignoring file file:///var/www/html/iestate/database/seeds/TenantsTableSeeder.php because it exceeds size limit of 150000 bytes (538588)
Parsing file:///var/www/html/iestate/database/seeds/DatabaseSeeder.php
Parsing file:///var/www/html/iestate/database/seeds/PermissionsTableSeeder.php
Parsing file:///var/www/html/iestate/database/seeds/PaymentsTableSeeder.php
[Info  - 4:03:53 PM] Ignoring file file:///var/www/html/iestate/database/seeds/PaymentsTableSeeder.php because it exceeds size limit of 150000 bytes (2439166)
Parsing file:///var/www/html/iestate/database/seeds/RoleUserTableSeeder.php
Parsing file:///var/www/html/iestate/database/seeds/PropertyTagsTableSeeder.php
Parsing file:///var/www/html/iestate/database/seeds/UsersTableSeeder.php
Parsing file:///var/www/html/iestate/database/seeds/VacancyTableSeeder.php
[Info  - 4:03:53 PM] Ignoring file file:///var/www/html/iestate/database/seeds/VacancyTableSeeder.php because it exceeds size limit of 150000 bytes (409580)
Parsing file:///var/www/html/iestate/database/seeds/RolesTableSeeder.php
Parsing file:///var/www/html/iestate/database/seeds/PropertiesTableSeeder.php
Parsing file:///var/www/html/iestate/database/seeds/LandlordsTableSeeder.php
Parsing file:///var/www/html/iestate/database/seeds/PropertyCategoriesTableSeeder.php
Parsing file:///var/www/html/iestate/database/seeds/PermissionRoleTableSeeder.php
Parsing file:///var/www/html/iestate/database/migrations/2019_05_14_032835251336_create_1557804518091_payments_table.php
Parsing file:///var/www/html/iestate/database/migrations/2019_05_15_125722119866_update_1557925044529_tenants_table.php
Parsing file:///var/www/html/iestate/database/migrations/2019_05_14_004600744725_create_1557794760744_permission_role_pivot_table.php
Parsing file:///var/www/html/iestate/database/migrations/2019_05_14_013007522274_create_1557797408092_landlords_table.php
Parsing file:///var/www/html/iestate/database/migrations/2019_05_14_004600171309_create_1557794760713_roles_table.php
Parsing file:///var/www/html/iestate/database/migrations/2019_05_15_130423289307_update_1557925465249_properties_table.php
Parsing file:///var/www/html/iestate/database/migrations/2019_06_02_221806_create_123_messages_table.php
Parsing file:///var/www/html/iestate/database/migrations/2019_05_14_103912359604_create_1557830353889_requistions_table.php
Parsing file:///var/www/html/iestate/database/migrations/2019_06_21_072422_create_websockets_statistics_entries_table.php
Parsing file:///var/www/html/iestate/database/migrations/2019_05_14_004600749424_custom_1557794760748_create_media_table.php
Parsing file:///var/www/html/iestate/database/migrations/2019_05_14_004600218273_create_1557794761625_users_table.php
Parsing file:///var/www/html/iestate/database/migrations/2019_05_14_024425915754_create_1557827067226_vacancies_table.php
Parsing file:///var/www/html/iestate/database/migrations/2019_05_14_010014029179_create_1557795614832_expenses_table.php
Parsing file:///var/www/html/iestate/database/migrations/2014_10_12_100000_create_password_resets_table.php
Parsing file:///var/www/html/iestate/database/migrations/2019_05_14_010013991467_create_1557795614684_income_categories_table.php
Parsing file:///var/www/html/iestate/database/migrations/2019_05_14_005412378161_update_1557795252620_property_categories_table.php
Parsing file:///var/www/html/iestate/database/migrations/2019_05_14_004600372300_create_1557794762017_property_tags_table.php
Parsing file:///var/www/html/iestate/database/migrations/2019_05_14_010014100879_create_1557795615001_incomes_table.php
Parsing file:///var/www/html/iestate/database/migrations/2019_05_14_004600425134_create_1557794761985_properties_table.php
Parsing file:///var/www/html/iestate/database/migrations/2019_05_14_004600313060_create_1557794761879_property_categories_table.php
Parsing file:///var/www/html/iestate/database/migrations/2019_05_14_010013951368_create_1557795614636_expense_categories_table.php
Parsing file:///var/www/html/iestate/database/migrations/2019_05_14_015009764710_create_1557798610207_tenants_table.php
Parsing file:///var/www/html/iestate/database/migrations/2019_05_14_020636740972_update_1557799597503_properties_table.php
Parsing file:///var/www/html/iestate/database/migrations/2019_05_14_021815348849_update_1557800298078_tenants_table.php
Parsing file:///var/www/html/iestate/database/migrations/2019_05_14_004600134298_create_1557794760544_permissions_table.php
Parsing file:///var/www/html/iestate/database/migrations/2019_05_14_004601650312_create_1557794761650_role_user_pivot_table.php
Parsing file:///var/www/html/iestate/database/migrations/2019_05_15_130132504641_update_1557925294053_vacancies_table.php
Parsing file:///var/www/html/iestate/database/factories/UserFactory.php
Parsing file:///var/www/html/iestate/server.php
Parsing file:///var/www/html/iestate/public/index.php
Parsing file:///var/www/html/iestate/config/cache.php
Parsing file:///var/www/html/iestate/config/broadcasting.php
Parsing file:///var/www/html/iestate/config/hashing.php
Parsing file:///var/www/html/iestate/config/view.php
Parsing file:///var/www/html/iestate/config/services.php
Parsing file:///var/www/html/iestate/config/filesystems.php
Parsing file:///var/www/html/iestate/config/mail.php
Parsing file:///var/www/html/iestate/config/queue.php
Parsing file:///var/www/html/iestate/config/database.php
Parsing file:///var/www/html/iestate/config/datatables.php
Parsing file:///var/www/html/iestate/config/bugsnag.php
Parsing file:///var/www/html/iestate/config/panel.php
Parsing file:///var/www/html/iestate/config/tinker.php
Parsing file:///var/www/html/iestate/config/debug-server.php
Parsing file:///var/www/html/iestate/config/app.php
Parsing file:///var/www/html/iestate/config/websockets.php
Parsing file:///var/www/html/iestate/config/auth.php
Parsing file:///var/www/html/iestate/config/trustedproxy.php
Parsing file:///var/www/html/iestate/config/dompdf.php
Parsing file:///var/www/html/iestate/config/logging.php
Parsing file:///var/www/html/iestate/config/session.php
Parsing file:///var/www/html/iestate/storage/framework/views/33f2035ebc0290dfc6cf013ef4275299a5f1d766.php
Parsing file:///var/www/html/iestate/storage/framework/views/172297a905324a5f413b1f41107dba9b7064818e.php
Parsing file:///var/www/html/iestate/storage/framework/views/07fa730fba758657d970aab0e97bdd9b845a9266.php
Parsing file:///var/www/html/iestate/storage/framework/views/2cf051e672927cfa6695d065dc534932a8b670e7.php
Parsing file:///var/www/html/iestate/storage/framework/views/0a81ab7ac963a6b0307d810e52986283f32784c2.php
Parsing file:///var/www/html/iestate/storage/framework/views/00deb248ba40be8f42c0546aa2393119f1d3ae9c.php
Parsing file:///var/www/html/iestate/storage/framework/views/e4807d1b436b1f0995f7aeae684e93c4772283b4.php
Parsing file:///var/www/html/iestate/storage/framework/views/2813dfd0af583215622567cb30795da9e30175bc.php
Parsing file:///var/www/html/iestate/storage/framework/views/ec298bd91a1f14a67eebbc233c12ade07a140fb2.php
Parsing file:///var/www/html/iestate/storage/framework/views/7900fd9eee09eba08f368650f4a2e1e4403cb0fe.php
Parsing file:///var/www/html/iestate/storage/framework/views/b7a3ec14c779d55432379d77675ad6e30b0f07af.php
Parsing file:///var/www/html/iestate/storage/framework/views/9b4edf72ef0d9afb7af90cd43af2962165328cc4.php
Parsing file:///var/www/html/iestate/storage/framework/views/bff81e73b1ba1519b32762d61cee5dd390b4cbe0.php
Parsing file:///var/www/html/iestate/storage/framework/views/f81344a5a2bf76f030603c1b01e0cb2d44d46324.php
Parsing file:///var/www/html/iestate/storage/framework/views/0571b5677645aa541d61d502f00f17a336e0d004.php
Parsing file:///var/www/html/iestate/storage/framework/views/c5240204b097dcea239683f0863058cf037db0ce.php
Parsing file:///var/www/html/iestate/storage/framework/views/1056639dd9dd129be5c506273b41ebb0a5101af6.php
Parsing file:///var/www/html/iestate/storage/framework/views/f946ce48bbffe07c2636eb774397182fb175451c.php
Parsing file:///var/www/html/iestate/storage/framework/views/0281a78297f17974f09fc980281a34eabf67e431.php
Parsing file:///var/www/html/iestate/storage/framework/views/eaac3e8e853ecfaad941fdf121361e5514e988a9.php
Parsing file:///var/www/html/iestate/storage/framework/views/6500dce677354061e99e877f9ff491a3a5e774cb.php
Parsing file:///var/www/html/iestate/storage/framework/views/62de8fb3052bfa7981d90959448dfa62c9d5c900.php
Parsing file:///var/www/html/iestate/storage/framework/views/e2d6d04e9fa238d8bf816026a5abce7699f29945.php
Parsing file:///var/www/html/iestate/storage/framework/views/e603c1ae5c27172a40008c6d6f50505e436f8c98.php
Parsing file:///var/www/html/iestate/storage/framework/views/a4f3df915972eda31efadd81014eb2ea11538641.php
Parsing file:///var/www/html/iestate/storage/framework/views/9d4d00fdfbf93f424039ee7ad6c738c1701f1a53.php
Parsing file:///var/www/html/iestate/storage/framework/views/fefd23bd672ea1b8f557981d1ff496b7944f088c.php
Parsing file:///var/www/html/iestate/storage/framework/views/c72356e695456017d88f0c4cf9bc7b238f41435e.php
Parsing file:///var/www/html/iestate/storage/framework/views/dafa0d0325bf717999763b9f629fe4dfa4a9349b.php
Parsing file:///var/www/html/iestate/storage/framework/views/73b06d6e6a5e403b9febfbaaca989f69228a6b79.php
Parsing file:///var/www/html/iestate/storage/framework/views/9430e06cf581e4122a96ed855320b021e9402c6b.php
Parsing file:///var/www/html/iestate/storage/framework/views/747a5822af5513da1daada28580a91d47590255a.php
Parsing file:///var/www/html/iestate/storage/framework/views/684459e213869b4d579abc498af773f37a9003c8.php
Parsing file:///var/www/html/iestate/storage/framework/views/8c18e0005b078e1a5b324494bacee73c6688f874.php
Parsing file:///var/www/html/iestate/storage/framework/views/916f416edb620a67a40f291b88a13f0c40a7afa6.php
Parsing file:///var/www/html/iestate/storage/framework/views/d3061e5ec51cd9dd3d1ed56bf2be938180b58020.php
Parsing file:///var/www/html/iestate/storage/framework/views/0fef73f3d04ddbb8b8ba673586edefac9426af8b.php
Parsing file:///var/www/html/iestate/storage/framework/views/a819e304126c45bb622d54e712221f56cc43704b.php
Parsing file:///var/www/html/iestate/storage/framework/views/fa2694886cde00299784755300c2e7dd7c20d02e.php
Parsing file:///var/www/html/iestate/storage/framework/views/f3de156b1f4fb338f540a6fa904aa37e074ac9b3.php
Parsing file:///var/www/html/iestate/storage/framework/views/d3580dde858657bf42491c5202e9327b8903c2f9.php
Parsing file:///var/www/html/iestate/storage/framework/views/78acbd886e302790629cf2ce5a277ca654d45d4c.php
Parsing file:///var/www/html/iestate/storage/framework/views/fefc0d5cb1b06a9afd177f0470a2f3c431833fb6.php
Parsing file:///var/www/html/iestate/storage/framework/views/c32bf90f4ae5b1669ed8890c9e95d966cda1c959.php
Parsing file:///var/www/html/iestate/storage/framework/views/e6844749323d321a21f8981ab64020c6c47d4a77.php
Parsing file:///var/www/html/iestate/storage/framework/views/564f5d04e581bb588a43c68c504185169d94a315.php
Parsing file:///var/www/html/iestate/storage/framework/views/70debd7738bdba769c2252a67208e3ff5e369317.php
Parsing file:///var/www/html/iestate/storage/framework/views/530d6f90c1e1657fdc5e8b262a215c33d8fd61f4.php
Parsing file:///var/www/html/iestate/storage/framework/views/e09905f4c2f02f04aada71a6fe9ea5148dff8e5f.php
Parsing file:///var/www/html/iestate/storage/framework/views/790d777e2833ea0bd2d6e39d3d91a90d1198069c.php
Parsing file:///var/www/html/iestate/storage/framework/views/e6f208882f6e10906750defa6b3a0f2e25c24f8c.php
Parsing file:///var/www/html/iestate/resources/lang/en/validation.php
Parsing file:///var/www/html/iestate/resources/lang/en/global.php
Parsing file:///var/www/html/iestate/resources/lang/en/passwords.php
Parsing file:///var/www/html/iestate/resources/lang/en/pagination.php
Parsing file:///var/www/html/iestate/resources/lang/en/auth.php
Parsing file:///var/www/html/iestate/resources/views/home.blade.php
Parsing file:///var/www/html/iestate/resources/views/layouts/app.blade.php
Parsing file:///var/www/html/iestate/resources/views/layouts/admin.blade.php
Parsing file:///var/www/html/iestate/resources/views/layouts/modal.blade.php
Parsing file:///var/www/html/iestate/resources/views/errors/419.blade.php
Parsing file:///var/www/html/iestate/resources/views/errors/429.blade.php
Parsing file:///var/www/html/iestate/resources/views/errors/404.blade.php
Parsing file:///var/www/html/iestate/resources/views/errors/401.blade.php
Parsing file:///var/www/html/iestate/resources/views/errors/minimal.blade.php
Parsing file:///var/www/html/iestate/resources/views/errors/503.blade.php
Parsing file:///var/www/html/iestate/resources/views/errors/illustrated-layout.blade.php
Parsing file:///var/www/html/iestate/resources/views/errors/500.blade.php
Parsing file:///var/www/html/iestate/resources/views/errors/layout.blade.php
Parsing file:///var/www/html/iestate/resources/views/errors/403.blade.php
Parsing file:///var/www/html/iestate/resources/views/auth/login.blade.php
Parsing file:///var/www/html/iestate/resources/views/auth/register.blade.php
Parsing file:///var/www/html/iestate/resources/views/auth/verify.blade.php
Parsing file:///var/www/html/iestate/resources/views/auth/passwords/reset.blade.php
Parsing file:///var/www/html/iestate/resources/views/auth/passwords/email.blade.php
Parsing file:///var/www/html/iestate/resources/views/admin/receipts/show.blade.php
Parsing file:///var/www/html/iestate/resources/views/admin/receipts/index.blade.php
Parsing file:///var/www/html/iestate/resources/views/admin/expenseCategories/edit.blade.php
Parsing file:///var/www/html/iestate/resources/views/admin/expenseCategories/show.blade.php
Parsing file:///var/www/html/iestate/resources/views/admin/expenseCategories/create.blade.php
Parsing file:///var/www/html/iestate/resources/views/admin/expenseCategories/index.blade.php
Parsing file:///var/www/html/iestate/resources/views/admin/tenants/edit.blade.php
Parsing file:///var/www/html/iestate/resources/views/admin/tenants/show.blade.php
Parsing file:///var/www/html/iestate/resources/views/admin/tenants/create.blade.php
Parsing file:///var/www/html/iestate/resources/views/admin/tenants/index.blade.php
Parsing file:///var/www/html/iestate/resources/views/admin/propertyCategories/edit.blade.php
Parsing file:///var/www/html/iestate/resources/views/admin/propertyCategories/show.blade.php
Parsing file:///var/www/html/iestate/resources/views/admin/propertyCategories/create.blade.php
Parsing file:///var/www/html/iestate/resources/views/admin/propertyCategories/index.blade.php
Parsing file:///var/www/html/iestate/resources/views/admin/messages/message.blade.php
Parsing file:///var/www/html/iestate/resources/views/admin/messages/index.blade.php
Parsing file:///var/www/html/iestate/resources/views/admin/landlords/edit.blade.php
Parsing file:///var/www/html/iestate/resources/views/admin/landlords/show.blade.php
Parsing file:///var/www/html/iestate/resources/views/admin/landlords/create.blade.php
Parsing file:///var/www/html/iestate/resources/views/admin/landlords/index.blade.php
Parsing file:///var/www/html/iestate/resources/views/admin/requistions/edit.blade.php
Parsing file:///var/www/html/iestate/resources/views/admin/requistions/show.blade.php
Parsing file:///var/www/html/iestate/resources/views/admin/requistions/create.blade.php
Parsing file:///var/www/html/iestate/resources/views/admin/requistions/index.blade.php
Parsing file:///var/www/html/iestate/resources/views/admin/properties/edit.blade.php
Parsing file:///var/www/html/iestate/resources/views/admin/properties/show.blade.php
Parsing file:///var/www/html/iestate/resources/views/admin/properties/create.blade.php
Parsing file:///var/www/html/iestate/resources/views/admin/properties/index.blade.php
Parsing file:///var/www/html/iestate/resources/views/admin/vacancies/edit.blade.php
Parsing file:///var/www/html/iestate/resources/views/admin/vacancies/show.blade.php
Parsing file:///var/www/html/iestate/resources/views/admin/vacancies/create.blade.php
Parsing file:///var/www/html/iestate/resources/views/admin/vacancies/index.blade.php
Parsing file:///var/www/html/iestate/resources/views/admin/incomes/edit.blade.php
Parsing file:///var/www/html/iestate/resources/views/admin/incomes/show.blade.php
Parsing file:///var/www/html/iestate/resources/views/admin/incomes/create.blade.php
Parsing file:///var/www/html/iestate/resources/views/admin/incomes/index.blade.php
Parsing file:///var/www/html/iestate/resources/views/admin/propertyTags/edit.blade.php
Parsing file:///var/www/html/iestate/resources/views/admin/propertyTags/show.blade.php
Parsing file:///var/www/html/iestate/resources/views/admin/propertyTags/create.blade.php
Parsing file:///var/www/html/iestate/resources/views/admin/propertyTags/index.blade.php
Parsing file:///var/www/html/iestate/resources/views/admin/expenses/edit.blade.php
Parsing file:///var/www/html/iestate/resources/views/admin/expenses/show.blade.php
Parsing file:///var/www/html/iestate/resources/views/admin/expenses/create.blade.php
Parsing file:///var/www/html/iestate/resources/views/admin/expenses/index.blade.php
Parsing file:///var/www/html/iestate/resources/views/admin/roles/edit.blade.php
Parsing file:///var/www/html/iestate/resources/views/admin/roles/show.blade.php
Parsing file:///var/www/html/iestate/resources/views/admin/roles/create.blade.php
Parsing file:///var/www/html/iestate/resources/views/admin/roles/index.blade.php
Parsing file:///var/www/html/iestate/resources/views/admin/expenseReports/index.blade.php
Parsing file:///var/www/html/iestate/resources/views/admin/users/edit.blade.php
Parsing file:///var/www/html/iestate/resources/views/admin/users/show.blade.php
Parsing file:///var/www/html/iestate/resources/views/admin/users/create.blade.php
Parsing file:///var/www/html/iestate/resources/views/admin/users/index.blade.php
Parsing file:///var/www/html/iestate/resources/views/admin/payments/edit.blade.php
Parsing file:///var/www/html/iestate/resources/views/admin/payments/show.blade.php
Parsing file:///var/www/html/iestate/resources/views/admin/payments/create.blade.php
Parsing file:///var/www/html/iestate/resources/views/admin/payments/index.blade.php
Parsing file:///var/www/html/iestate/resources/views/admin/permissions/edit.blade.php
Parsing file:///var/www/html/iestate/resources/views/admin/permissions/show.blade.php
Parsing file:///var/www/html/iestate/resources/views/admin/permissions/create.blade.php
Parsing file:///var/www/html/iestate/resources/views/admin/permissions/index.blade.php
Parsing file:///var/www/html/iestate/resources/views/admin/incomeCategories/edit.blade.php
Parsing file:///var/www/html/iestate/resources/views/admin/incomeCategories/show.blade.php
Parsing file:///var/www/html/iestate/resources/views/admin/incomeCategories/create.blade.php
Parsing file:///var/www/html/iestate/resources/views/admin/incomeCategories/index.blade.php
Parsing file:///var/www/html/iestate/resources/views/admin/reports/index.blade.php
Parsing file:///var/www/html/iestate/resources/views/admin/emails/index.blade.php
Parsing file:///var/www/html/iestate/resources/views/welcome.blade.php
Parsing file:///var/www/html/iestate/resources/views/vendor/pagination/semantic-ui.blade.php
Parsing file:///var/www/html/iestate/resources/views/vendor/pagination/simple-default.blade.php
Parsing file:///var/www/html/iestate/resources/views/vendor/pagination/simple-bootstrap-4.blade.php
Parsing file:///var/www/html/iestate/resources/views/vendor/pagination/default.blade.php
Parsing file:///var/www/html/iestate/resources/views/vendor/pagination/bootstrap-4.blade.php
Parsing file:///var/www/html/iestate/resources/views/vendor/notifications/email.blade.php
Parsing file:///var/www/html/iestate/resources/views/partials/menu.blade.php
Parsing file:///var/www/html/iestate/routes/channels.php
Parsing file:///var/www/html/iestate/routes/web.php
Parsing file:///var/www/html/iestate/routes/console.php
Parsing file:///var/www/html/iestate/routes/api.php
Parsing file:///var/www/html/iestate/bootstrap/cache/packages.php
Parsing file:///var/www/html/iestate/bootstrap/cache/services.php
Parsing file:///var/www/html/iestate/bootstrap/cache/config.php
Parsing file:///var/www/html/iestate/bootstrap/app.php
Parsing file:///var/www/html/iestate/node_modules/ckeditor/samples/old/sample_posteddata.php
Parsing file:///var/www/html/iestate/node_modules/ckeditor/samples/old/assets/posteddata.php
Parsing file:///var/www/html/iestate/node_modules/jquery-ui/demos/tabs/ajax/content4-broken.php
Parsing file:///var/www/html/iestate/node_modules/jquery-ui/demos/tabs/ajax/content3-slow.php
Parsing file:///var/www/html/iestate/node_modules/jquery-ui/demos/autocomplete/search.php
Parsing file:///var/www/html/iestate/node_modules/admin-lte/bower_components/ckeditor/samples/old/sample_posteddata.php
Parsing file:///var/www/html/iestate/node_modules/admin-lte/bower_components/ckeditor/samples/old/assets/posteddata.php
Parsing file:///var/www/html/iestate/vendor/composer/autoload_real.php
Parsing file:///var/www/html/iestate/vendor/composer/autoload_classmap.php
[Info  - 4:03:57 PM] Ignoring file file:///var/www/html/iestate/vendor/composer/autoload_classmap.php because it exceeds size limit of 150000 bytes (629346)
Parsing file:///var/www/html/iestate/vendor/composer/ClassLoader.php
Parsing file:///var/www/html/iestate/vendor/composer/autoload_static.php
[Info  - 4:03:57 PM] Ignoring file file:///var/www/html/iestate/vendor/composer/autoload_static.php because it exceeds size limit of 150000 bytes (697741)
Parsing file:///var/www/html/iestate/vendor/composer/autoload_namespaces.php
Parsing file:///var/www/html/iestate/vendor/composer/autoload_files.php
Parsing file:///var/www/html/iestate/vendor/composer/autoload_psr4.php
Parsing file:///var/www/html/iestate/vendor/autoload.php
[Info  - 4:03:57 PM] Indexing project for dynamic references
Parsing file:///var/www/html/iestate/index.php
Parsing file:///var/www/html/iestate/tests/TestCase.php
Parsing file:///var/www/html/iestate/tests/Unit/ExampleTest.php
Parsing file:///var/www/html/iestate/tests/Feature/ExampleTest.php
Parsing file:///var/www/html/iestate/tests/CreatesApplication.php
Parsing file:///var/www/html/iestate/tests/Browser/LandlordTest.php
Parsing file:///var/www/html/iestate/tests/Browser/UsersTest.php
Parsing file:///var/www/html/iestate/tests/Browser/TenantTest.php
Parsing file:///var/www/html/iestate/tests/Browser/RequistionTest.php
Parsing file:///var/www/html/iestate/tests/Browser/PropertyCategoryTest.php
Parsing file:///var/www/html/iestate/tests/Browser/RolesTest.php
Parsing file:///var/www/html/iestate/tests/Browser/IncomeCategoryTest.php
Parsing file:///var/www/html/iestate/tests/Browser/PropertyTest.php
Parsing file:///var/www/html/iestate/tests/Browser/VacancyTest.php
Parsing file:///var/www/html/iestate/tests/Browser/PermissionsTest.php
Parsing file:///var/www/html/iestate/tests/Browser/ExpenseCategoryTest.php
Parsing file:///var/www/html/iestate/tests/Browser/ExpenseTest.php
Parsing file:///var/www/html/iestate/tests/Browser/IncomeTest.php
Parsing file:///var/www/html/iestate/tests/Browser/PaymentTest.php
Parsing file:///var/www/html/iestate/tests/Browser/PropertyTagTest.php
Parsing file:///var/www/html/iestate/app/Console/Kernel.php
Parsing file:///var/www/html/iestate/app/Requistion.php
Parsing file:///var/www/html/iestate/app/User.php
Parsing file:///var/www/html/iestate/app/ExpenseCategory.php
Parsing file:///var/www/html/iestate/app/PropertyTag.php
Parsing file:///var/www/html/iestate/app/Landlord.php
Parsing file:///var/www/html/iestate/app/Http/Requests/MassDestroyRoleRequest.php
Parsing file:///var/www/html/iestate/app/Http/Requests/MassDestroyPropertyTagRequest.php
Parsing file:///var/www/html/iestate/app/Http/Requests/UpdateVacancyRequest.php
Parsing file:///var/www/html/iestate/app/Http/Requests/StorePropertyRequest.php
Parsing file:///var/www/html/iestate/app/Http/Requests/StorePermissionRequest.php
Parsing file:///var/www/html/iestate/app/Http/Requests/StoreTenantRequest.php
Parsing file:///var/www/html/iestate/app/Http/Requests/UpdateLandlordRequest.php
Parsing file:///var/www/html/iestate/app/Http/Requests/UpdateExpenseCategoryRequest.php
Parsing file:///var/www/html/iestate/app/Http/Requests/UpdateRequistionRequest.php
Parsing file:///var/www/html/iestate/app/Http/Requests/UpdatePermissionRequest.php
Parsing file:///var/www/html/iestate/app/Http/Requests/StoreProductRequest.php
Parsing file:///var/www/html/iestate/app/Http/Requests/UpdateRoleRequest.php
Parsing file:///var/www/html/iestate/app/Http/Requests/UpdateIncomeCategoryRequest.php
Parsing file:///var/www/html/iestate/app/Http/Requests/StoreRoleRequest.php
Parsing file:///var/www/html/iestate/app/Http/Requests/UpdateTenantRequest.php
Parsing file:///var/www/html/iestate/app/Http/Requests/StorePaymentRequest.php
Parsing file:///var/www/html/iestate/app/Http/Requests/MassDestroyLandlordRequest.php
Parsing file:///var/www/html/iestate/app/Http/Requests/MassDestroyPropertyRequest.php
Parsing file:///var/www/html/iestate/app/Http/Requests/StoreIncomeCategoryRequest.php
Parsing file:///var/www/html/iestate/app/Http/Requests/UpdateUserRequest.php
Parsing file:///var/www/html/iestate/app/Http/Requests/UpdateProductCategoryRequest.php
Parsing file:///var/www/html/iestate/app/Http/Requests/MassDestroyUserRequest.php
Parsing file:///var/www/html/iestate/app/Http/Requests/StoreUserRequest.php
Parsing file:///var/www/html/iestate/app/Http/Requests/UpdateProductTagRequest.php
Parsing file:///var/www/html/iestate/app/Http/Requests/StoreRequistionRequest.php
Parsing file:///var/www/html/iestate/app/Http/Requests/MassDestroyIncomeCategoryRequest.php
Parsing file:///var/www/html/iestate/app/Http/Requests/MassDestroyRequistionRequest.php
Parsing file:///var/www/html/iestate/app/Http/Requests/MassDestroyExpenseRequest.php
Parsing file:///var/www/html/iestate/app/Http/Requests/UpdateIncomeRequest.php
Parsing file:///var/www/html/iestate/app/Http/Requests/StoreExpenseRequest.php
Parsing file:///var/www/html/iestate/app/Http/Requests/UpdateProductRequest.php
Parsing file:///var/www/html/iestate/app/Http/Requests/UpdatePaymentRequest.php
Parsing file:///var/www/html/iestate/app/Http/Requests/UpdatePropertyRequest.php
Parsing file:///var/www/html/iestate/app/Http/Requests/StoreProductCategoryRequest.php
Parsing file:///var/www/html/iestate/app/Http/Requests/StoreLandlordRequest.php
Parsing file:///var/www/html/iestate/app/Http/Requests/MassDestroyPaymentRequest.php
Parsing file:///var/www/html/iestate/app/Http/Requests/MassDestroyPermissionRequest.php
Parsing file:///var/www/html/iestate/app/Http/Requests/StoreVacancyRequest.php
Parsing file:///var/www/html/iestate/app/Http/Requests/StoreIncomeRequest.php
Parsing file:///var/www/html/iestate/app/Http/Requests/MassDestroyTenantRequest.php
Parsing file:///var/www/html/iestate/app/Http/Requests/MassDestroyIncomeRequest.php
Parsing file:///var/www/html/iestate/app/Http/Requests/MassDestroyVacancyRequest.php
Parsing file:///var/www/html/iestate/app/Http/Requests/StoreProductTagRequest.php
Parsing file:///var/www/html/iestate/app/Http/Requests/MassDestroyExpenseCategoryRequest.php
Parsing file:///var/www/html/iestate/app/Http/Requests/UpdateExpenseRequest.php
Parsing file:///var/www/html/iestate/app/Http/Requests/StoreExpenseCategoryRequest.php
Parsing file:///var/www/html/iestate/app/Http/Requests/MassDestroyPropertyCategoryRequest.php
Parsing file:///var/www/html/iestate/app/Http/Controllers/Auth/ResetPasswordController.php
Parsing file:///var/www/html/iestate/app/Http/Controllers/Auth/VerificationController.php
Parsing file:///var/www/html/iestate/app/Http/Controllers/Auth/ForgotPasswordController.php
Parsing file:///var/www/html/iestate/app/Http/Controllers/Auth/RegisterController.php
Parsing file:///var/www/html/iestate/app/Http/Controllers/Auth/LoginController.php
Parsing file:///var/www/html/iestate/app/Http/Controllers/HomeController.php
Parsing file:///var/www/html/iestate/app/Http/Controllers/Admin/ExpenseController.php
Parsing file:///var/www/html/iestate/app/Http/Controllers/Admin/ReceiptController.php
Parsing file:///var/www/html/iestate/app/Http/Controllers/Admin/HomeController.php
Parsing file:///var/www/html/iestate/app/Http/Controllers/Admin/TenantController.php
Parsing file:///var/www/html/iestate/app/Http/Controllers/Admin/EmailController.php
Parsing file:///var/www/html/iestate/app/Http/Controllers/Admin/VacancyController.php
Parsing file:///var/www/html/iestate/app/Http/Controllers/Admin/IncomeController.php
Parsing file:///var/www/html/iestate/app/Http/Controllers/Admin/RequistionController.php
Parsing file:///var/www/html/iestate/app/Http/Controllers/Admin/ReportController.php
Parsing file:///var/www/html/iestate/app/Http/Controllers/Admin/PropertyCategoryController.php
Parsing file:///var/www/html/iestate/app/Http/Controllers/Admin/PaymentController.php
Parsing file:///var/www/html/iestate/app/Http/Controllers/Admin/ExpenseReportController.php
Parsing file:///var/www/html/iestate/app/Http/Controllers/Admin/PropertyTagController.php
Parsing file:///var/www/html/iestate/app/Http/Controllers/Admin/IncomeCategoryController.php
Parsing file:///var/www/html/iestate/app/Http/Controllers/Admin/ExpenseCategoryController.php
Parsing file:///var/www/html/iestate/app/Http/Controllers/Admin/PropertyController.php
Parsing file:///var/www/html/iestate/app/Http/Controllers/Admin/UsersController.php
Parsing file:///var/www/html/iestate/app/Http/Controllers/Admin/LandlordController.php
Parsing file:///var/www/html/iestate/app/Http/Controllers/Admin/MessageController.php
Parsing file:///var/www/html/iestate/app/Http/Controllers/Admin/PermissionsController.php
Parsing file:///var/www/html/iestate/app/Http/Controllers/Admin/RolesController.php
Parsing file:///var/www/html/iestate/app/Http/Controllers/Controller.php
Parsing file:///var/www/html/iestate/app/Http/Controllers/Api/V1/Admin/PropertyCategoryApiController.php
Parsing file:///var/www/html/iestate/app/Http/Controllers/Api/V1/Admin/ExpenseCategoryApiController.php
Parsing file:///var/www/html/iestate/app/Http/Controllers/Api/V1/Admin/PermissionsApiController.php
Parsing file:///var/www/html/iestate/app/Http/Controllers/Api/V1/Admin/PropertyApiController.php
Parsing file:///var/www/html/iestate/app/Http/Controllers/Api/V1/Admin/RolesApiController.php
Parsing file:///var/www/html/iestate/app/Http/Controllers/Api/V1/Admin/PropertyTagApiController.php
Parsing file:///var/www/html/iestate/app/Http/Controllers/Api/V1/Admin/ExpenseApiController.php
Parsing file:///var/www/html/iestate/app/Http/Controllers/Api/V1/Admin/TenantApiController.php
Parsing file:///var/www/html/iestate/app/Http/Controllers/Api/V1/Admin/IncomeApiController.php
Parsing file:///var/www/html/iestate/app/Http/Controllers/Api/V1/Admin/PaymentApiController.php
Parsing file:///var/www/html/iestate/app/Http/Controllers/Api/V1/Admin/UsersApiController.php
Parsing file:///var/www/html/iestate/app/Http/Controllers/Api/V1/Admin/VacancyApiController.php
Parsing file:///var/www/html/iestate/app/Http/Controllers/Api/V1/Admin/LandlordApiController.php
Parsing file:///var/www/html/iestate/app/Http/Controllers/Api/V1/Admin/IncomeCategoryApiController.php
Parsing file:///var/www/html/iestate/app/Http/Controllers/Api/V1/Admin/RequistionApiController.php
Parsing file:///var/www/html/iestate/app/Http/Controllers/Traits/MediaUploadingTrait.php
Parsing file:///var/www/html/iestate/app/Http/Middleware/AuthGates.php
Parsing file:///var/www/html/iestate/app/Http/Middleware/SetLocale.php
Parsing file:///var/www/html/iestate/app/Http/Middleware/TrustProxies.php
Parsing file:///var/www/html/iestate/app/Http/Middleware/TrimStrings.php
Parsing file:///var/www/html/iestate/app/Http/Middleware/VerifyCsrfToken.php
Parsing file:///var/www/html/iestate/app/Http/Middleware/RedirectIfAuthenticated.php
Parsing file:///var/www/html/iestate/app/Http/Middleware/CheckForMaintenanceMode.php
Parsing file:///var/www/html/iestate/app/Http/Middleware/EncryptCookies.php
Parsing file:///var/www/html/iestate/app/Http/Middleware/Authenticate.php
Parsing file:///var/www/html/iestate/app/Http/Kernel.php
Parsing file:///var/www/html/iestate/app/Property.php
Parsing file:///var/www/html/iestate/app/Income.php
Parsing file:///var/www/html/iestate/app/Events/MessageSent.php
Parsing file:///var/www/html/iestate/app/Events/WebsocketDemoEvent.php
Parsing file:///var/www/html/iestate/app/Events/Event.php
Parsing file:///var/www/html/iestate/app/Events/PrivateMessageSent.php
Parsing file:///var/www/html/iestate/app/Providers/BroadcastServiceProvider.php
Parsing file:///var/www/html/iestate/app/Providers/AuthServiceProvider.php
Parsing file:///var/www/html/iestate/app/Providers/EventServiceProvider.php
Parsing file:///var/www/html/iestate/app/Providers/RouteServiceProvider.php
Parsing file:///var/www/html/iestate/app/Providers/AppServiceProvider.php
Parsing file:///var/www/html/iestate/app/Listeners/EventListener.php
Parsing file:///var/www/html/iestate/app/Role.php
Parsing file:///var/www/html/iestate/app/PropertyCategory.php
Parsing file:///var/www/html/iestate/app/Payment.php
Parsing file:///var/www/html/iestate/app/IncomeCategory.php
Parsing file:///var/www/html/iestate/app/Tenant.php
Parsing file:///var/www/html/iestate/app/Message.php
Parsing file:///var/www/html/iestate/app/Exceptions/Handler.php
Parsing file:///var/www/html/iestate/app/Permission.php
Parsing file:///var/www/html/iestate/app/Vacancy.php
Parsing file:///var/www/html/iestate/app/Expense.php
Parsing file:///var/www/html/iestate/database/seeds/TenantsTableSeeder.php
[Info  - 4:04:01 PM] Ignoring file file:///var/www/html/iestate/database/seeds/TenantsTableSeeder.php because it exceeds size limit of 150000 bytes (538588)
Parsing file:///var/www/html/iestate/database/seeds/DatabaseSeeder.php
Parsing file:///var/www/html/iestate/database/seeds/PermissionsTableSeeder.php
Parsing file:///var/www/html/iestate/database/seeds/PaymentsTableSeeder.php
[Info  - 4:04:01 PM] Ignoring file file:///var/www/html/iestate/database/seeds/PaymentsTableSeeder.php because it exceeds size limit of 150000 bytes (2439166)
Parsing file:///var/www/html/iestate/database/seeds/RoleUserTableSeeder.php
Parsing file:///var/www/html/iestate/database/seeds/PropertyTagsTableSeeder.php
Parsing file:///var/www/html/iestate/database/seeds/UsersTableSeeder.php
Parsing file:///var/www/html/iestate/database/seeds/VacancyTableSeeder.php
[Info  - 4:04:01 PM] Ignoring file file:///var/www/html/iestate/database/seeds/VacancyTableSeeder.php because it exceeds size limit of 150000 bytes (409580)
Parsing file:///var/www/html/iestate/database/seeds/RolesTableSeeder.php
Parsing file:///var/www/html/iestate/database/seeds/PropertiesTableSeeder.php
Parsing file:///var/www/html/iestate/database/seeds/LandlordsTableSeeder.php
Parsing file:///var/www/html/iestate/database/seeds/PropertyCategoriesTableSeeder.php
Parsing file:///var/www/html/iestate/database/seeds/PermissionRoleTableSeeder.php
Parsing file:///var/www/html/iestate/database/migrations/2019_05_14_032835251336_create_1557804518091_payments_table.php
Parsing file:///var/www/html/iestate/database/migrations/2019_05_15_125722119866_update_1557925044529_tenants_table.php
Parsing file:///var/www/html/iestate/database/migrations/2019_05_14_004600744725_create_1557794760744_permission_role_pivot_table.php
Parsing file:///var/www/html/iestate/database/migrations/2019_05_14_013007522274_create_1557797408092_landlords_table.php
Parsing file:///var/www/html/iestate/database/migrations/2019_05_14_004600171309_create_1557794760713_roles_table.php
Parsing file:///var/www/html/iestate/database/migrations/2019_05_15_130423289307_update_1557925465249_properties_table.php
Parsing file:///var/www/html/iestate/database/migrations/2019_06_02_221806_create_123_messages_table.php
Parsing file:///var/www/html/iestate/database/migrations/2019_05_14_103912359604_create_1557830353889_requistions_table.php
Parsing file:///var/www/html/iestate/database/migrations/2019_06_21_072422_create_websockets_statistics_entries_table.php
Parsing file:///var/www/html/iestate/database/migrations/2019_05_14_004600749424_custom_1557794760748_create_media_table.php
Parsing file:///var/www/html/iestate/database/migrations/2019_05_14_004600218273_create_1557794761625_users_table.php
Parsing file:///var/www/html/iestate/database/migrations/2019_05_14_024425915754_create_1557827067226_vacancies_table.php
Parsing file:///var/www/html/iestate/database/migrations/2019_05_14_010014029179_create_1557795614832_expenses_table.php
Parsing file:///var/www/html/iestate/database/migrations/2014_10_12_100000_create_password_resets_table.php
Parsing file:///var/www/html/iestate/database/migrations/2019_05_14_010013991467_create_1557795614684_income_categories_table.php
Parsing file:///var/www/html/iestate/database/migrations/2019_05_14_005412378161_update_1557795252620_property_categories_table.php
Parsing file:///var/www/html/iestate/database/migrations/2019_05_14_004600372300_create_1557794762017_property_tags_table.php
Parsing file:///var/www/html/iestate/database/migrations/2019_05_14_010014100879_create_1557795615001_incomes_table.php
Parsing file:///var/www/html/iestate/database/migrations/2019_05_14_004600425134_create_1557794761985_properties_table.php
Parsing file:///var/www/html/iestate/database/migrations/2019_05_14_004600313060_create_1557794761879_property_categories_table.php
Parsing file:///var/www/html/iestate/database/migrations/2019_05_14_010013951368_create_1557795614636_expense_categories_table.php
Parsing file:///var/www/html/iestate/database/migrations/2019_05_14_015009764710_create_1557798610207_tenants_table.php
Parsing file:///var/www/html/iestate/database/migrations/2019_05_14_020636740972_update_1557799597503_properties_table.php
Parsing file:///var/www/html/iestate/database/migrations/2019_05_14_021815348849_update_1557800298078_tenants_table.php
Parsing file:///var/www/html/iestate/database/migrations/2019_05_14_004600134298_create_1557794760544_permissions_table.php
Parsing file:///var/www/html/iestate/database/migrations/2019_05_14_004601650312_create_1557794761650_role_user_pivot_table.php
Parsing file:///var/www/html/iestate/database/migrations/2019_05_15_130132504641_update_1557925294053_vacancies_table.php
Parsing file:///var/www/html/iestate/database/factories/UserFactory.php
Parsing file:///var/www/html/iestate/server.php
Parsing file:///var/www/html/iestate/public/index.php
Parsing file:///var/www/html/iestate/config/cache.php
Parsing file:///var/www/html/iestate/config/broadcasting.php
Parsing file:///var/www/html/iestate/config/hashing.php
Parsing file:///var/www/html/iestate/config/view.php
Parsing file:///var/www/html/iestate/config/services.php
Parsing file:///var/www/html/iestate/config/filesystems.php
Parsing file:///var/www/html/iestate/config/mail.php
Parsing file:///var/www/html/iestate/config/queue.php
Parsing file:///var/www/html/iestate/config/database.php
Parsing file:///var/www/html/iestate/config/datatables.php
Parsing file:///var/www/html/iestate/config/bugsnag.php
Parsing file:///var/www/html/iestate/config/panel.php
Parsing file:///var/www/html/iestate/config/tinker.php
Parsing file:///var/www/html/iestate/config/debug-server.php
Parsing file:///var/www/html/iestate/config/app.php
Parsing file:///var/www/html/iestate/config/websockets.php
Parsing file:///var/www/html/iestate/config/auth.php
Parsing file:///var/www/html/iestate/config/trustedproxy.php
Parsing file:///var/www/html/iestate/config/dompdf.php
Parsing file:///var/www/html/iestate/config/logging.php
Parsing file:///var/www/html/iestate/config/session.php
Parsing file:///var/www/html/iestate/storage/framework/views/33f2035ebc0290dfc6cf013ef4275299a5f1d766.php
Parsing file:///var/www/html/iestate/storage/framework/views/172297a905324a5f413b1f41107dba9b7064818e.php
Parsing file:///var/www/html/iestate/storage/framework/views/07fa730fba758657d970aab0e97bdd9b845a9266.php
Parsing file:///var/www/html/iestate/storage/framework/views/2cf051e672927cfa6695d065dc534932a8b670e7.php
Parsing file:///var/www/html/iestate/storage/framework/views/0a81ab7ac963a6b0307d810e52986283f32784c2.php
Parsing file:///var/www/html/iestate/storage/framework/views/00deb248ba40be8f42c0546aa2393119f1d3ae9c.php
Parsing file:///var/www/html/iestate/storage/framework/views/e4807d1b436b1f0995f7aeae684e93c4772283b4.php
Parsing file:///var/www/html/iestate/storage/framework/views/2813dfd0af583215622567cb30795da9e30175bc.php
Parsing file:///var/www/html/iestate/storage/framework/views/ec298bd91a1f14a67eebbc233c12ade07a140fb2.php
Parsing file:///var/www/html/iestate/storage/framework/views/7900fd9eee09eba08f368650f4a2e1e4403cb0fe.php
Parsing file:///var/www/html/iestate/storage/framework/views/b7a3ec14c779d55432379d77675ad6e30b0f07af.php
Parsing file:///var/www/html/iestate/storage/framework/views/9b4edf72ef0d9afb7af90cd43af2962165328cc4.php
Parsing file:///var/www/html/iestate/storage/framework/views/bff81e73b1ba1519b32762d61cee5dd390b4cbe0.php
Parsing file:///var/www/html/iestate/storage/framework/views/f81344a5a2bf76f030603c1b01e0cb2d44d46324.php
Parsing file:///var/www/html/iestate/storage/framework/views/0571b5677645aa541d61d502f00f17a336e0d004.php
Parsing file:///var/www/html/iestate/storage/framework/views/c5240204b097dcea239683f0863058cf037db0ce.php
Parsing file:///var/www/html/iestate/storage/framework/views/1056639dd9dd129be5c506273b41ebb0a5101af6.php
Parsing file:///var/www/html/iestate/storage/framework/views/f946ce48bbffe07c2636eb774397182fb175451c.php
Parsing file:///var/www/html/iestate/storage/framework/views/0281a78297f17974f09fc980281a34eabf67e431.php
Parsing file:///var/www/html/iestate/storage/framework/views/eaac3e8e853ecfaad941fdf121361e5514e988a9.php
Parsing file:///var/www/html/iestate/storage/framework/views/6500dce677354061e99e877f9ff491a3a5e774cb.php
Parsing file:///var/www/html/iestate/storage/framework/views/62de8fb3052bfa7981d90959448dfa62c9d5c900.php
Parsing file:///var/www/html/iestate/storage/framework/views/e2d6d04e9fa238d8bf816026a5abce7699f29945.php
Parsing file:///var/www/html/iestate/storage/framework/views/e603c1ae5c27172a40008c6d6f50505e436f8c98.php
Parsing file:///var/www/html/iestate/storage/framework/views/a4f3df915972eda31efadd81014eb2ea11538641.php
Parsing file:///var/www/html/iestate/storage/framework/views/9d4d00fdfbf93f424039ee7ad6c738c1701f1a53.php
Parsing file:///var/www/html/iestate/storage/framework/views/fefd23bd672ea1b8f557981d1ff496b7944f088c.php
Parsing file:///var/www/html/iestate/storage/framework/views/c72356e695456017d88f0c4cf9bc7b238f41435e.php
Parsing file:///var/www/html/iestate/storage/framework/views/dafa0d0325bf717999763b9f629fe4dfa4a9349b.php
Parsing file:///var/www/html/iestate/storage/framework/views/73b06d6e6a5e403b9febfbaaca989f69228a6b79.php
Parsing file:///var/www/html/iestate/storage/framework/views/9430e06cf581e4122a96ed855320b021e9402c6b.php
Parsing file:///var/www/html/iestate/storage/framework/views/747a5822af5513da1daada28580a91d47590255a.php
Parsing file:///var/www/html/iestate/storage/framework/views/684459e213869b4d579abc498af773f37a9003c8.php
Parsing file:///var/www/html/iestate/storage/framework/views/8c18e0005b078e1a5b324494bacee73c6688f874.php
Parsing file:///var/www/html/iestate/storage/framework/views/916f416edb620a67a40f291b88a13f0c40a7afa6.php
Parsing file:///var/www/html/iestate/storage/framework/views/d3061e5ec51cd9dd3d1ed56bf2be938180b58020.php
Parsing file:///var/www/html/iestate/storage/framework/views/0fef73f3d04ddbb8b8ba673586edefac9426af8b.php
Parsing file:///var/www/html/iestate/storage/framework/views/a819e304126c45bb622d54e712221f56cc43704b.php
Parsing file:///var/www/html/iestate/storage/framework/views/fa2694886cde00299784755300c2e7dd7c20d02e.php
Parsing file:///var/www/html/iestate/storage/framework/views/f3de156b1f4fb338f540a6fa904aa37e074ac9b3.php
Parsing file:///var/www/html/iestate/storage/framework/views/d3580dde858657bf42491c5202e9327b8903c2f9.php
Parsing file:///var/www/html/iestate/storage/framework/views/78acbd886e302790629cf2ce5a277ca654d45d4c.php
Parsing file:///var/www/html/iestate/storage/framework/views/fefc0d5cb1b06a9afd177f0470a2f3c431833fb6.php
Parsing file:///var/www/html/iestate/storage/framework/views/c32bf90f4ae5b1669ed8890c9e95d966cda1c959.php
Parsing file:///var/www/html/iestate/storage/framework/views/e6844749323d321a21f8981ab64020c6c47d4a77.php
Parsing file:///var/www/html/iestate/storage/framework/views/564f5d04e581bb588a43c68c504185169d94a315.php
Parsing file:///var/www/html/iestate/storage/framework/views/70debd7738bdba769c2252a67208e3ff5e369317.php
Parsing file:///var/www/html/iestate/storage/framework/views/530d6f90c1e1657fdc5e8b262a215c33d8fd61f4.php
Parsing file:///var/www/html/iestate/storage/framework/views/e09905f4c2f02f04aada71a6fe9ea5148dff8e5f.php
Parsing file:///var/www/html/iestate/storage/framework/views/790d777e2833ea0bd2d6e39d3d91a90d1198069c.php
Parsing file:///var/www/html/iestate/storage/framework/views/e6f208882f6e10906750defa6b3a0f2e25c24f8c.php
Parsing file:///var/www/html/iestate/resources/lang/en/validation.php
Parsing file:///var/www/html/iestate/resources/lang/en/global.php
Parsing file:///var/www/html/iestate/resources/lang/en/passwords.php
Parsing file:///var/www/html/iestate/resources/lang/en/pagination.php
Parsing file:///var/www/html/iestate/resources/lang/en/auth.php
Parsing file:///var/www/html/iestate/resources/views/home.blade.php
Parsing file:///var/www/html/iestate/resources/views/layouts/app.blade.php
Parsing file:///var/www/html/iestate/resources/views/layouts/admin.blade.php
Parsing file:///var/www/html/iestate/resources/views/layouts/modal.blade.php
Parsing file:///var/www/html/iestate/resources/views/errors/419.blade.php
Parsing file:///var/www/html/iestate/resources/views/errors/429.blade.php
Parsing file:///var/www/html/iestate/resources/views/errors/404.blade.php
Parsing file:///var/www/html/iestate/resources/views/errors/401.blade.php
Parsing file:///var/www/html/iestate/resources/views/errors/minimal.blade.php
Parsing file:///var/www/html/iestate/resources/views/errors/503.blade.php
Parsing file:///var/www/html/iestate/resources/views/errors/illustrated-layout.blade.php
Parsing file:///var/www/html/iestate/resources/views/errors/500.blade.php
Parsing file:///var/www/html/iestate/resources/views/errors/layout.blade.php
Parsing file:///var/www/html/iestate/resources/views/errors/403.blade.php
Parsing file:///var/www/html/iestate/resources/views/auth/login.blade.php
Parsing file:///var/www/html/iestate/resources/views/auth/register.blade.php
Parsing file:///var/www/html/iestate/resources/views/auth/verify.blade.php
Parsing file:///var/www/html/iestate/resources/views/auth/passwords/reset.blade.php
Parsing file:///var/www/html/iestate/resources/views/auth/passwords/email.blade.php
Parsing file:///var/www/html/iestate/resources/views/admin/receipts/show.blade.php
Parsing file:///var/www/html/iestate/resources/views/admin/receipts/index.blade.php
Parsing file:///var/www/html/iestate/resources/views/admin/expenseCategories/edit.blade.php
Parsing file:///var/www/html/iestate/resources/views/admin/expenseCategories/show.blade.php
Parsing file:///var/www/html/iestate/resources/views/admin/expenseCategories/create.blade.php
Parsing file:///var/www/html/iestate/resources/views/admin/expenseCategories/index.blade.php
Parsing file:///var/www/html/iestate/resources/views/admin/tenants/edit.blade.php
Parsing file:///var/www/html/iestate/resources/views/admin/tenants/show.blade.php
Parsing file:///var/www/html/iestate/resources/views/admin/tenants/create.blade.php
Parsing file:///var/www/html/iestate/resources/views/admin/tenants/index.blade.php
Parsing file:///var/www/html/iestate/resources/views/admin/propertyCategories/edit.blade.php
Parsing file:///var/www/html/iestate/resources/views/admin/propertyCategories/show.blade.php
Parsing file:///var/www/html/iestate/resources/views/admin/propertyCategories/create.blade.php
Parsing file:///var/www/html/iestate/resources/views/admin/propertyCategories/index.blade.php
Parsing file:///var/www/html/iestate/resources/views/admin/messages/message.blade.php
Parsing file:///var/www/html/iestate/resources/views/admin/messages/index.blade.php
Parsing file:///var/www/html/iestate/resources/views/admin/landlords/edit.blade.php
Parsing file:///var/www/html/iestate/resources/views/admin/landlords/show.blade.php
Parsing file:///var/www/html/iestate/resources/views/admin/landlords/create.blade.php
Parsing file:///var/www/html/iestate/resources/views/admin/landlords/index.blade.php
Parsing file:///var/www/html/iestate/resources/views/admin/requistions/edit.blade.php
Parsing file:///var/www/html/iestate/resources/views/admin/requistions/show.blade.php
Parsing file:///var/www/html/iestate/resources/views/admin/requistions/create.blade.php
Parsing file:///var/www/html/iestate/resources/views/admin/requistions/index.blade.php
Parsing file:///var/www/html/iestate/resources/views/admin/properties/edit.blade.php
Parsing file:///var/www/html/iestate/resources/views/admin/properties/show.blade.php
Parsing file:///var/www/html/iestate/resources/views/admin/properties/create.blade.php
Parsing file:///var/www/html/iestate/resources/views/admin/properties/index.blade.php
Parsing file:///var/www/html/iestate/resources/views/admin/vacancies/edit.blade.php
Parsing file:///var/www/html/iestate/resources/views/admin/vacancies/show.blade.php
Parsing file:///var/www/html/iestate/resources/views/admin/vacancies/create.blade.php
Parsing file:///var/www/html/iestate/resources/views/admin/vacancies/index.blade.php
Parsing file:///var/www/html/iestate/resources/views/admin/incomes/edit.blade.php
Parsing file:///var/www/html/iestate/resources/views/admin/incomes/show.blade.php
Parsing file:///var/www/html/iestate/resources/views/admin/incomes/create.blade.php
Parsing file:///var/www/html/iestate/resources/views/admin/incomes/index.blade.php
Parsing file:///var/www/html/iestate/resources/views/admin/propertyTags/edit.blade.php
Parsing file:///var/www/html/iestate/resources/views/admin/propertyTags/show.blade.php
Parsing file:///var/www/html/iestate/resources/views/admin/propertyTags/create.blade.php
Parsing file:///var/www/html/iestate/resources/views/admin/propertyTags/index.blade.php
Parsing file:///var/www/html/iestate/resources/views/admin/expenses/edit.blade.php
Parsing file:///var/www/html/iestate/resources/views/admin/expenses/show.blade.php
Parsing file:///var/www/html/iestate/resources/views/admin/expenses/create.blade.php
Parsing file:///var/www/html/iestate/resources/views/admin/expenses/index.blade.php
Parsing file:///var/www/html/iestate/resources/views/admin/roles/edit.blade.php
Parsing file:///var/www/html/iestate/resources/views/admin/roles/show.blade.php
Parsing file:///var/www/html/iestate/resources/views/admin/roles/create.blade.php
Parsing file:///var/www/html/iestate/resources/views/admin/roles/index.blade.php
Parsing file:///var/www/html/iestate/resources/views/admin/expenseReports/index.blade.php
Parsing file:///var/www/html/iestate/resources/views/admin/users/edit.blade.php
Parsing file:///var/www/html/iestate/resources/views/admin/users/show.blade.php
Parsing file:///var/www/html/iestate/resources/views/admin/users/create.blade.php
Parsing file:///var/www/html/iestate/resources/views/admin/users/index.blade.php
Parsing file:///var/www/html/iestate/resources/views/admin/payments/edit.blade.php
Parsing file:///var/www/html/iestate/resources/views/admin/payments/show.blade.php
Parsing file:///var/www/html/iestate/resources/views/admin/payments/create.blade.php
Parsing file:///var/www/html/iestate/resources/views/admin/payments/index.blade.php
Parsing file:///var/www/html/iestate/resources/views/admin/permissions/edit.blade.php
Parsing file:///var/www/html/iestate/resources/views/admin/permissions/show.blade.php
Parsing file:///var/www/html/iestate/resources/views/admin/permissions/create.blade.php
Parsing file:///var/www/html/iestate/resources/views/admin/permissions/index.blade.php
Parsing file:///var/www/html/iestate/resources/views/admin/incomeCategories/edit.blade.php
Parsing file:///var/www/html/iestate/resources/views/admin/incomeCategories/show.blade.php
Parsing file:///var/www/html/iestate/resources/views/admin/incomeCategories/create.blade.php
Parsing file:///var/www/html/iestate/resources/views/admin/incomeCategories/index.blade.php
Parsing file:///var/www/html/iestate/resources/views/admin/reports/index.blade.php
Parsing file:///var/www/html/iestate/resources/views/admin/emails/index.blade.php
Parsing file:///var/www/html/iestate/resources/views/welcome.blade.php
Parsing file:///var/www/html/iestate/resources/views/vendor/pagination/semantic-ui.blade.php
Parsing file:///var/www/html/iestate/resources/views/vendor/pagination/simple-default.blade.php
Parsing file:///var/www/html/iestate/resources/views/vendor/pagination/simple-bootstrap-4.blade.php
Parsing file:///var/www/html/iestate/resources/views/vendor/pagination/default.blade.php
Parsing file:///var/www/html/iestate/resources/views/vendor/pagination/bootstrap-4.blade.php
Parsing file:///var/www/html/iestate/resources/views/vendor/notifications/email.blade.php
Parsing file:///var/www/html/iestate/resources/views/partials/menu.blade.php
Parsing file:///var/www/html/iestate/routes/channels.php
Parsing file:///var/www/html/iestate/routes/web.php
Parsing file:///var/www/html/iestate/routes/console.php
Parsing file:///var/www/html/iestate/routes/api.php
Parsing file:///var/www/html/iestate/bootstrap/cache/packages.php
Parsing file:///var/www/html/iestate/bootstrap/cache/services.php
Parsing file:///var/www/html/iestate/bootstrap/cache/config.php
Parsing file:///var/www/html/iestate/bootstrap/app.php
Parsing file:///var/www/html/iestate/node_modules/ckeditor/samples/old/sample_posteddata.php
Parsing file:///var/www/html/iestate/node_modules/ckeditor/samples/old/assets/posteddata.php
Parsing file:///var/www/html/iestate/node_modules/jquery-ui/demos/tabs/ajax/content4-broken.php
Parsing file:///var/www/html/iestate/node_modules/jquery-ui/demos/tabs/ajax/content3-slow.php
Parsing file:///var/www/html/iestate/node_modules/jquery-ui/demos/autocomplete/search.php
Parsing file:///var/www/html/iestate/node_modules/admin-lte/bower_components/ckeditor/samples/old/sample_posteddata.php
Parsing file:///var/www/html/iestate/node_modules/admin-lte/bower_components/ckeditor/samples/old/assets/posteddata.php
Parsing file:///var/www/html/iestate/vendor/composer/autoload_real.php
Parsing file:///var/www/html/iestate/vendor/composer/autoload_classmap.php
[Info  - 4:04:19 PM] Ignoring file file:///var/www/html/iestate/vendor/composer/autoload_classmap.php because it exceeds size limit of 150000 bytes (629346)
Parsing file:///var/www/html/iestate/vendor/composer/ClassLoader.php
Parsing file:///var/www/html/iestate/vendor/composer/autoload_static.php
[Info  - 4:04:19 PM] Ignoring file file:///var/www/html/iestate/vendor/composer/autoload_static.php because it exceeds size limit of 150000 bytes (697741)
Parsing file:///var/www/html/iestate/vendor/composer/autoload_namespaces.php
Parsing file:///var/www/html/iestate/vendor/composer/autoload_files.php
Parsing file:///var/www/html/iestate/vendor/composer/autoload_psr4.php
Parsing file:///var/www/html/iestate/vendor/autoload.php
[Info  - 4:04:19 PM] 130 Packages
[Info  - 4:04:19 PM] Indexing mail/html for definitions and static references
Parsing file:///var/www/html/iestate/resources/views/vendor/mail/html/table.blade.php
Parsing file:///var/www/html/iestate/resources/views/vendor/mail/html/promotion/button.blade.php
Parsing file:///var/www/html/iestate/resources/views/vendor/mail/html/subcopy.blade.php
Parsing file:///var/www/html/iestate/resources/views/vendor/mail/html/header.blade.php
Parsing file:///var/www/html/iestate/resources/views/vendor/mail/html/button.blade.php
Parsing file:///var/www/html/iestate/resources/views/vendor/mail/html/footer.blade.php
Parsing file:///var/www/html/iestate/resources/views/vendor/mail/html/layout.blade.php
Parsing file:///var/www/html/iestate/resources/views/vendor/mail/html/promotion.blade.php
Parsing file:///var/www/html/iestate/resources/views/vendor/mail/html/message.blade.php
Parsing file:///var/www/html/iestate/resources/views/vendor/mail/html/panel.blade.php
[Info  - 4:04:19 PM] Indexing mail/html for dynamic references
Parsing file:///var/www/html/iestate/resources/views/vendor/mail/html/table.blade.php
Parsing file:///var/www/html/iestate/resources/views/vendor/mail/html/promotion/button.blade.php
Parsing file:///var/www/html/iestate/resources/views/vendor/mail/html/subcopy.blade.php
Parsing file:///var/www/html/iestate/resources/views/vendor/mail/html/header.blade.php
Parsing file:///var/www/html/iestate/resources/views/vendor/mail/html/button.blade.php
Parsing file:///var/www/html/iestate/resources/views/vendor/mail/html/footer.blade.php
Parsing file:///var/www/html/iestate/resources/views/vendor/mail/html/layout.blade.php
Parsing file:///var/www/html/iestate/resources/views/vendor/mail/html/promotion.blade.php
Parsing file:///var/www/html/iestate/resources/views/vendor/mail/html/message.blade.php
Parsing file:///var/www/html/iestate/resources/views/vendor/mail/html/panel.blade.php
[Warn  - 4:04:19 PM] Could not compute cache key for mail/html
[Info  - 4:04:19 PM] Indexing mail/text for definitions and static references
Parsing file:///var/www/html/iestate/resources/views/vendor/mail/text/table.blade.php
Parsing file:///var/www/html/iestate/resources/views/vendor/mail/text/promotion/button.blade.php
Parsing file:///var/www/html/iestate/resources/views/vendor/mail/text/subcopy.blade.php
Parsing file:///var/www/html/iestate/resources/views/vendor/mail/text/header.blade.php
Parsing file:///var/www/html/iestate/resources/views/vendor/mail/text/button.blade.php
Parsing file:///var/www/html/iestate/resources/views/vendor/mail/text/footer.blade.php
Parsing file:///var/www/html/iestate/resources/views/vendor/mail/text/layout.blade.php
Parsing file:///var/www/html/iestate/resources/views/vendor/mail/text/promotion.blade.php
Parsing file:///var/www/html/iestate/resources/views/vendor/mail/text/message.blade.php
Parsing file:///var/www/html/iestate/resources/views/vendor/mail/text/panel.blade.php
[Info  - 4:04:19 PM] Indexing mail/text for dynamic references
Parsing file:///var/www/html/iestate/resources/views/vendor/mail/text/table.blade.php
Parsing file:///var/www/html/iestate/resources/views/vendor/mail/text/promotion/button.blade.php
Parsing file:///var/www/html/iestate/resources/views/vendor/mail/text/subcopy.blade.php
Parsing file:///var/www/html/iestate/resources/views/vendor/mail/text/header.blade.php
Parsing file:///var/www/html/iestate/resources/views/vendor/mail/text/button.blade.php
Parsing file:///var/www/html/iestate/resources/views/vendor/mail/text/footer.blade.php
Parsing file:///var/www/html/iestate/resources/views/vendor/mail/text/layout.blade.php
Parsing file:///var/www/html/iestate/resources/views/vendor/mail/text/promotion.blade.php
Parsing file:///var/www/html/iestate/resources/views/vendor/mail/text/message.blade.php
Parsing file:///var/www/html/iestate/resources/views/vendor/mail/text/panel.blade.php
[Warn  - 4:04:19 PM] Could not compute cache key for mail/text
[Info  - 4:04:19 PM] Restored filp/whoops:2.3.1 from cache
[Info  - 4:04:19 PM] Restored beyondcode/laravel-websockets:1.1.1 from cache
[Info  - 4:04:19 PM] Restored beyondcode/laravel-dump-server:1.2.2 from cache
[Info  - 4:04:19 PM] Restored symfony/css-selector:4.3.1 from cache
[Info  - 4:04:19 PM] Restored symfony/service-contracts:1.1.5 from cache
[Info  - 4:04:19 PM] Restored symfony/mime:4.3.1 from cache
[Info  - 4:04:19 PM] Restored symfony/translation-contracts:1.1.5 from cache
[Info  - 4:04:19 PM] Restored symfony/http-foundation:4.3.1 from cache
[Info  - 4:04:19 PM] Restored symfony/translation:4.3.1 from cache
[Info  - 4:04:19 PM] Restored symfony/psr-http-message-bridge:1.2.0 from cache
[Info  - 4:04:19 PM] Restored symfony/polyfill-iconv:1.11.0 from cache
[Info  - 4:04:19 PM] Restored symfony/event-dispatcher-contracts:1.1.5 from cache
[Info  - 4:04:19 PM] Restored symfony/debug:4.3.1 from cache
[Info  - 4:04:19 PM] Restored symfony/polyfill-php72:1.11.0 from cache
[Info  - 4:04:19 PM] Restored symfony/console:4.3.1 from cache
[Info  - 4:04:19 PM] Restored symfony/process:4.3.1 from cache
[Info  - 4:04:19 PM] Restored symfony/var-dumper:4.3.1 from cache
[Info  - 4:04:19 PM] Restored symfony/routing:4.3.1 from cache
[Info  - 4:04:19 PM] Restored symfony/http-kernel:4.3.1 from cache
[Info  - 4:04:19 PM] Restored symfony/event-dispatcher:4.3.1 from cache
[Info  - 4:04:19 PM] Restored symfony/polyfill-ctype:1.11.0 from cache
[Info  - 4:04:19 PM] Restored symfony/polyfill-php73:1.11.0 from cache
[Info  - 4:04:19 PM] Restored symfony/polyfill-mbstring:1.11.0 from cache
[Info  - 4:04:19 PM] Restored symfony/polyfill-intl-idn:1.11.0 from cache
[Info  - 4:04:19 PM] Restored symfony/finder:4.3.1 from cache
[Info  - 4:04:19 PM] Restored erusev/parsedown:1.7.3 from cache
[Info  - 4:04:19 PM] Restored kwn/number-to-words:1.6.4 from cache
[Info  - 4:04:19 PM] Restored dragonmantank/cron-expression:2.3.0 from cache
[Info  - 4:04:19 PM] Restored intervention/image:2.4.2 from cache
[Info  - 4:04:19 PM] Restored mockery/mockery:1.2.2 from cache
[Info  - 4:04:19 PM] Restored laravel/framework:5.8.24 from cache
[Info  - 4:04:19 PM] Restored laravel/dusk:5.1.1 from cache
[Info  - 4:04:19 PM] Restored laravel/tinker:1.0.8 from cache
[Info  - 4:04:19 PM] Restored monolog/monolog:1.24.0 from cache
[Info  - 4:04:19 PM] Restored egulias/email-validator:2.1.8 from cache
[Info  - 4:04:19 PM] Restored nikic/php-parser:4.2.2 from cache
[Info  - 4:04:19 PM] Restored ralouphie/getallheaders:2.0.5 from cache
[Info  - 4:04:19 PM] Restored laraveldaily/laravel-charts:0.1.9 from cache
[Info  - 4:04:19 PM] Restored sabberworm/php-css-parser:8.1.0 from cache
[Info  - 4:04:19 PM] Restored evenement/evenement:3.0.1 from cache
[Info  - 4:04:19 PM] Restored opis/closure:3.3.0 from cache
[Info  - 4:04:19 PM] Restored fideloper/proxy:4.1.0 from cache
[Info  - 4:04:19 PM] Restored facebook/webdriver:1.7.1 from cache
[Info  - 4:04:19 PM] Restored maennchen/zipstream-php:0.5.2 from cache
[Info  - 4:04:19 PM] Restored psy/psysh:0.9.9 from cache
[Info  - 4:04:19 PM] Restored myclabs/deep-copy:1.9.1 from cache
[Info  - 4:04:19 PM] Restored doctrine/cache:1.8.0 from cache
[Info  - 4:04:19 PM] Restored doctrine/lexer:1.0.2 from cache
[Info  - 4:04:19 PM] Restored doctrine/event-manager:1.0.0 from cache
[Info  - 4:04:19 PM] Restored doctrine/inflector:1.3.0 from cache
[Info  - 4:04:19 PM] Restored doctrine/dbal:2.9.2 from cache
[Info  - 4:04:19 PM] Restored doctrine/instantiator:1.2.0 from cache
[Info  - 4:04:19 PM] Restored swiftmailer/swiftmailer:6.2.1 from cache
[Info  - 4:04:19 PM] Restored cboden/ratchet:0.4.1 from cache
[Info  - 4:04:19 PM] Restored phar-io/manifest:1.0.3 from cache
[Info  - 4:04:19 PM] Restored phar-io/version:2.0.1 from cache
[Info  - 4:04:19 PM] Restored ramsey/uuid:3.8.0 from cache
[Info  - 4:04:19 PM] Restored bugsnag/bugsnag-laravel:2.15.2 from cache
[Info  - 4:04:19 PM] Restored bugsnag/bugsnag-psr-logger:1.4.1 from cache
[Info  - 4:04:19 PM] Restored bugsnag/bugsnag:3.17.0 from cache
[Info  - 4:04:19 PM] Restored ratchet/rfc6455:0.2.5 from cache
[Info  - 4:04:19 PM] Restored vlucas/phpdotenv:3.4.0 from cache
[Info  - 4:04:19 PM] Restored dompdf/dompdf:0.8.3 from cache
[Info  - 4:04:19 PM] Restored jakub-onderka/php-console-color:0.2 from cache
[Info  - 4:04:19 PM] Restored jakub-onderka/php-console-highlighter:0.4 from cache
[Info  - 4:04:19 PM] Restored composer/ca-bundle:1.1.4 from cache
[Info  - 4:04:19 PM] Restored pusher/pusher-php-server:3.4.1 from cache
[Info  - 4:04:19 PM] Restored spatie/pdf-to-image:1.2.2 from cache
[Info  - 4:04:19 PM] Restored spatie/temporary-directory:1.1.4 from cache
[Info  - 4:04:19 PM] Restored spatie/image-optimizer:1.1.5 from cache
[Info  - 4:04:19 PM] Restored spatie/image:1.7.2 from cache
[Info  - 4:04:19 PM] Restored spatie/laravel-medialibrary:7.6.0 from cache
[Info  - 4:04:19 PM] Restored fzaninotto/faker:1.8.0 from cache
[Info  - 4:04:19 PM] Restored phpoption/phpoption:1.5.0 from cache
[Info  - 4:04:19 PM] Restored yajra/laravel-datatables-oracle:9.4.1 from cache
[Info  - 4:04:19 PM] Restored webmozart/assert:1.4.0 from cache
[Info  - 4:04:19 PM] Restored league/flysystem:1.0.53 from cache
[Info  - 4:04:19 PM] Restored league/glide:1.5.0 from cache
[Info  - 4:04:19 PM] Restored theseer/tokenizer:1.1.3 from cache
[Info  - 4:04:19 PM] Restored barryvdh/laravel-dompdf:0.8.4 from cache
[Info  - 4:04:19 PM] Restored nunomaduro/collision:3.0.1 from cache
[Info  - 4:04:19 PM] Restored clue/buzz-react:2.6.0 from cache
[Info  - 4:04:19 PM] Restored sebastian/exporter:3.1.0 from cache
[Info  - 4:04:19 PM] Restored sebastian/environment:4.2.2 from cache
[Info  - 4:04:19 PM] Restored sebastian/global-state:2.0.0 from cache
[Info  - 4:04:19 PM] Restored sebastian/resource-operations:2.0.1 from cache
[Info  - 4:04:19 PM] Restored sebastian/object-reflector:1.1.1 from cache
[Info  - 4:04:19 PM] Restored sebastian/diff:3.0.2 from cache
[Info  - 4:04:19 PM] Restored sebastian/comparator:3.0.2 from cache
[Info  - 4:04:19 PM] Restored sebastian/recursion-context:3.0.0 from cache
[Info  - 4:04:19 PM] Restored sebastian/version:2.0.1 from cache
[Info  - 4:04:19 PM] Restored sebastian/object-enumerator:3.0.3 from cache
[Info  - 4:04:19 PM] Restored sebastian/code-unit-reverse-lookup:1.0.1 from cache
[Info  - 4:04:19 PM] Restored phpdocumentor/reflection-docblock:4.3.1 from cache
[Info  - 4:04:19 PM] Restored phpdocumentor/reflection-common:1.0.1 from cache
[Info  - 4:04:19 PM] Restored phpdocumentor/type-resolver:0.4.0 from cache
[Info  - 4:04:19 PM] Restored hamcrest/hamcrest-php:2.0.0 from cache
[Info  - 4:04:19 PM] Restored paragonie/random_compat:9.99.99 from cache
[Info  - 4:04:19 PM] Restored paragonie/sodium_compat:1.10.0 from cache
[Info  - 4:04:19 PM] Restored dnoegel/php-xdg-base-dir:0.1 from cache
[Info  - 4:04:19 PM] Restored phpspec/prophecy:1.8.1 from cache
[Info  - 4:04:19 PM] Restored phpunit/php-file-iterator:2.0.2 from cache
[Info  - 4:04:19 PM] Restored phpunit/php-token-stream:3.0.1 from cache
[Info  - 4:04:19 PM] Restored phpunit/php-text-template:1.2.1 from cache
[Info  - 4:04:19 PM] Restored phpunit/php-timer:2.1.2 from cache
[Info  - 4:04:19 PM] Restored phpunit/php-code-coverage:6.1.4 from cache
[Info  - 4:04:19 PM] Restored phpunit/phpunit:7.5.13 from cache
[Info  - 4:04:19 PM] Restored psr/log:1.1.0 from cache
[Info  - 4:04:19 PM] Restored psr/http-message:1.0.1 from cache
[Info  - 4:04:19 PM] Restored psr/container:1.0.0 from cache
[Info  - 4:04:19 PM] Restored psr/simple-cache:1.0.1 from cache
[Info  - 4:04:19 PM] Restored react/http-client:0.5.9 from cache
[Info  - 4:04:19 PM] Restored react/cache:0.5.0 from cache
[Info  - 4:04:19 PM] Restored react/promise-stream:1.1.1 from cache
[Info  - 4:04:19 PM] Restored react/socket:1.2.1 from cache
[Info  - 4:04:19 PM] Restored react/promise-timer:1.5.1 from cache
[Info  - 4:04:19 PM] Restored react/stream:1.1.0 from cache
[Info  - 4:04:19 PM] Restored react/promise:2.7.1 from cache
[Info  - 4:04:19 PM] Restored react/dns:0.4.17 from cache
[Info  - 4:04:19 PM] Restored react/event-loop:1.1.0 from cache
[Info  - 4:04:19 PM] Restored guzzlehttp/promises:1.3.1 from cache
[Info  - 4:04:19 PM] Restored guzzlehttp/psr7:1.5.2 from cache
[Info  - 4:04:19 PM] Restored guzzlehttp/guzzle:6.3.3 from cache
[Info  - 4:04:19 PM] Restored ringcentral/psr7:1.2.2 from cache
[Info  - 4:04:19 PM] Restored nesbot/carbon:2.19.2 from cache
[Info  - 4:04:19 PM] Restored tijsverkoyen/css-to-inline-styles:2.2.1 from cache
[Info  - 4:04:19 PM] Restored phenx/php-font-lib:0.5.1 from cache
[Info  - 4:04:19 PM] Restored phenx/php-svg-lib:0.3.2 from cache
[Info  - 4:04:19 PM] All 8544 PHP files parsed in 20 seconds. 539 MiB allocated.
