Initializing document watcher...
Detected change in configuration: {}
iestate/app/Http/Controllers/Admin/LandlordController.php: {"insertSpaces":true,"tabSize":4}
iestate/app/Landlord.php: {"insertSpaces":true,"tabSize":4}
iestate/resources/views/admin/landlords/edit.blade.php: {"insertSpaces":true,"tabSize":4}
iestate/resources/views/admin/landlords/edit.blade.php: Using EditorConfig core...
resources/views/admin/landlords/edit.blade.php: setEndOfLine(LF)
resources/views/admin/landlords/edit.blade.php: editor.action.trimTrailingWhitespace
resources/views/admin/landlords/edit.blade.php: insertFinalNewline(LF)
iestate/resources/views/admin/landlords/edit.blade.php: {"insertSpaces":true,"tabSize":4}
iestate/resources/views/admin/landlords/create.blade.php: {"insertSpaces":true,"tabSize":4}
iestate/resources/views/admin/landlords/create.blade.php: {"insertSpaces":true,"tabSize":4}
iestate/resources/views/admin/landlords/edit.blade.php: {"insertSpaces":true,"tabSize":4}
iestate/resources/views/admin/landlords/create.blade.php: {"insertSpaces":true,"tabSize":4}
iestate/resources/views/admin/landlords/create.blade.php: {"insertSpaces":true,"tabSize":4}
iestate/resources/views/admin/landlords/edit.blade.php: {"insertSpaces":true,"tabSize":4}
iestate/resources/views/admin/landlords/create.blade.php: {"insertSpaces":true,"tabSize":4}
iestate/resources/views/admin/landlords/edit.blade.php: {"insertSpaces":true,"tabSize":4}
iestate/resources/views/admin/landlords/edit.blade.php: Using EditorConfig core...
resources/views/admin/landlords/edit.blade.php: setEndOfLine(LF)
resources/views/admin/landlords/edit.blade.php: editor.action.trimTrailingWhitespace
iestate/resources/views/admin/landlords/edit.blade.php: {"insertSpaces":true,"tabSize":4}
iestate/app/Http/Controllers/Admin/LandlordController.php: {"insertSpaces":true,"tabSize":4}
iestate/app/Http/Controllers/Admin/LandlordController.php: Using EditorConfig core...
app/Http/Controllers/Admin/LandlordController.php: setEndOfLine(LF)
app/Http/Controllers/Admin/LandlordController.php: editor.action.trimTrailingWhitespace
iestate/app/Http/Controllers/Admin/LandlordController.php: {"insertSpaces":true,"tabSize":4}
iestate/resources/views/layouts/admin.blade.php: {"insertSpaces":true,"tabSize":4}
iestate/resources/views/layouts/admin.blade.php: Using EditorConfig core...
resources/views/layouts/admin.blade.php: setEndOfLine(LF)
resources/views/layouts/admin.blade.php: editor.action.trimTrailingWhitespace
Detected change in configuration: {}
iestate/resources/views/layouts/admin.blade.php: {"insertSpaces":true,"tabSize":4}
iestate/resources/views/layouts/admin.blade.php: {"insertSpaces":true,"tabSize":4}
iestate/app/Http/Controllers/Admin/LandlordController.php: {"insertSpaces":true,"tabSize":4}
iestate/app/Http/Controllers/Admin/LandlordController.php: {"insertSpaces":true,"tabSize":4}
iestate/app/Http/Controllers/Admin/TenantController.php: {"insertSpaces":true,"tabSize":4}
iestate/app/Http/Controllers/Admin/TenantController.php: Using EditorConfig core...
app/Http/Controllers/Admin/TenantController.php: setEndOfLine(LF)
app/Http/Controllers/Admin/TenantController.php: editor.action.trimTrailingWhitespace
iestate/app/Http/Controllers/Admin/TenantController.php: Using EditorConfig core...
app/Http/Controllers/Admin/TenantController.php: setEndOfLine(LF)
app/Http/Controllers/Admin/TenantController.php: editor.action.trimTrailingWhitespace
iestate/app/Http/Controllers/Admin/TenantController.php: Using EditorConfig core...
app/Http/Controllers/Admin/TenantController.php: setEndOfLine(LF)
app/Http/Controllers/Admin/TenantController.php: editor.action.trimTrailingWhitespace
iestate/app/Http/Controllers/Admin/TenantController.php: Using EditorConfig core...
app/Http/Controllers/Admin/TenantController.php: setEndOfLine(LF)
app/Http/Controllers/Admin/TenantController.php: editor.action.trimTrailingWhitespace
iestate/app/Http/Controllers/Admin/TenantController.php: Using EditorConfig core...
app/Http/Controllers/Admin/TenantController.php: setEndOfLine(LF)
app/Http/Controllers/Admin/TenantController.php: editor.action.trimTrailingWhitespace
iestate/resources/views/admin/tenants/create.blade.php: {"insertSpaces":true,"tabSize":4}
iestate/resources/views/admin/tenants/edit.blade.php: {"insertSpaces":true,"tabSize":4}
iestate/resources/views/admin/tenants/edit.blade.php: Using EditorConfig core...
resources/views/admin/tenants/edit.blade.php: setEndOfLine(LF)
resources/views/admin/tenants/edit.blade.php: editor.action.trimTrailingWhitespace
resources/views/admin/tenants/edit.blade.php: insertFinalNewline(LF)
iestate/resources/views/admin/tenants/edit.blade.php: Using EditorConfig core...
resources/views/admin/tenants/edit.blade.php: setEndOfLine(LF)
resources/views/admin/tenants/edit.blade.php: editor.action.trimTrailingWhitespace
iestate/resources/views/admin/tenants/edit.blade.php: Using EditorConfig core...
resources/views/admin/tenants/edit.blade.php: setEndOfLine(LF)
resources/views/admin/tenants/edit.blade.php: editor.action.trimTrailingWhitespace
iestate/resources/views/admin/tenants/edit.blade.php: Using EditorConfig core...
resources/views/admin/tenants/edit.blade.php: setEndOfLine(LF)
resources/views/admin/tenants/edit.blade.php: editor.action.trimTrailingWhitespace
iestate/resources/views/admin/tenants/edit.blade.php: Using EditorConfig core...
resources/views/admin/tenants/edit.blade.php: setEndOfLine(LF)
resources/views/admin/tenants/edit.blade.php: editor.action.trimTrailingWhitespace
iestate/resources/views/admin/tenants/edit.blade.php: Using EditorConfig core...
resources/views/admin/tenants/edit.blade.php: setEndOfLine(LF)
resources/views/admin/tenants/edit.blade.php: editor.action.trimTrailingWhitespace
iestate/resources/views/admin/tenants/edit.blade.php: Using EditorConfig core...
resources/views/admin/tenants/edit.blade.php: setEndOfLine(LF)
resources/views/admin/tenants/edit.blade.php: editor.action.trimTrailingWhitespace
iestate/resources/views/admin/tenants/edit.blade.php: Using EditorConfig core...
resources/views/admin/tenants/edit.blade.php: setEndOfLine(LF)
resources/views/admin/tenants/edit.blade.php: editor.action.trimTrailingWhitespace
iestate/resources/views/admin/tenants/edit.blade.php: Using EditorConfig core...
resources/views/admin/tenants/edit.blade.php: setEndOfLine(LF)
resources/views/admin/tenants/edit.blade.php: editor.action.trimTrailingWhitespace
iestate/resources/views/admin/tenants/edit.blade.php: Using EditorConfig core...
resources/views/admin/tenants/edit.blade.php: setEndOfLine(LF)
resources/views/admin/tenants/edit.blade.php: editor.action.trimTrailingWhitespace
iestate/resources/views/admin/tenants/edit.blade.php: {"insertSpaces":true,"tabSize":4}
iestate/resources/views/admin/tenants/create.blade.php: {"insertSpaces":true,"tabSize":4}
iestate/resources/views/admin/tenants/create.blade.php: {"insertSpaces":true,"tabSize":4}
iestate/resources/views/admin/tenants/edit.blade.php: {"insertSpaces":true,"tabSize":4}
iestate/resources/views/admin/tenants/edit.blade.php: Using EditorConfig core...
resources/views/admin/tenants/edit.blade.php: setEndOfLine(LF)
resources/views/admin/tenants/edit.blade.php: editor.action.trimTrailingWhitespace
iestate/resources/views/admin/tenants/edit.blade.php: Using EditorConfig core...
resources/views/admin/tenants/edit.blade.php: setEndOfLine(LF)
resources/views/admin/tenants/edit.blade.php: editor.action.trimTrailingWhitespace
iestate/resources/views/admin/tenants/edit.blade.php: Using EditorConfig core...
resources/views/admin/tenants/edit.blade.php: setEndOfLine(LF)
resources/views/admin/tenants/edit.blade.php: editor.action.trimTrailingWhitespace
iestate/resources/views/admin/tenants/edit.blade.php: {"insertSpaces":true,"tabSize":4}
iestate/resources/views/admin/tenants/edit.blade.php: {"insertSpaces":true,"tabSize":4}
iestate/resources/views/admin/tenants/edit.blade.php: Using EditorConfig core...
resources/views/admin/tenants/edit.blade.php: setEndOfLine(LF)
resources/views/admin/tenants/edit.blade.php: editor.action.trimTrailingWhitespace
iestate/resources/views/admin/tenants/create.blade.php: {"insertSpaces":true,"tabSize":4}
iestate/resources/views/admin/tenants/edit.blade.php: {"insertSpaces":true,"tabSize":4}
iestate/resources/views/admin/tenants/edit.blade.php: {"insertSpaces":true,"tabSize":4}
iestate/resources/views/admin/requistions/show.blade.php: {"insertSpaces":true,"tabSize":4}
iestate/resources/views/admin/requistions/show.blade.php: Using EditorConfig core...
resources/views/admin/requistions/show.blade.php: setEndOfLine(LF)
resources/views/admin/requistions/show.blade.php: editor.action.trimTrailingWhitespace
resources/views/admin/requistions/show.blade.php: insertFinalNewline(LF)
iestate/resources/views/admin/requistions/show.blade.php: {"insertSpaces":true,"tabSize":4}
iestate/resources/views/admin/requistions/show.blade.php: Using EditorConfig core...
resources/views/admin/requistions/show.blade.php: setEndOfLine(LF)
resources/views/admin/requistions/show.blade.php: editor.action.trimTrailingWhitespace
iestate/resources/views/admin/requistions/show.blade.php: {"insertSpaces":true,"tabSize":4}
iestate/resources/views/admin/requistions/show.blade.php: Using EditorConfig core...
resources/views/admin/requistions/show.blade.php: setEndOfLine(LF)
resources/views/admin/requistions/show.blade.php: editor.action.trimTrailingWhitespace
iestate/resources/views/admin/requistions/show.blade.php: {"insertSpaces":true,"tabSize":4}
iestate/resources/views/admin/requistions/show.blade.php: Using EditorConfig core...
resources/views/admin/requistions/show.blade.php: setEndOfLine(LF)
resources/views/admin/requistions/show.blade.php: editor.action.trimTrailingWhitespace
iestate/resources/views/admin/requistions/show.blade.php: {"insertSpaces":true,"tabSize":4}
iestate/resources/views/admin/tenants/edit.blade.php: {"insertSpaces":true,"tabSize":4}
iestate/resources/views/admin/tenants/edit.blade.php: {"insertSpaces":true,"tabSize":4}
iestate/resources/views/admin/requistions/show.blade.php: {"insertSpaces":true,"tabSize":4}
iestate/resources/views/admin/requistions/show.blade.php: {"insertSpaces":true,"tabSize":4}
iestate/resources/views/admin/tenants/edit.blade.php: {"insertSpaces":true,"tabSize":4}
iestate/resources/views/admin/requistions/show.blade.php: {"insertSpaces":true,"tabSize":4}
iestate/resources/views/admin/tenants/edit.blade.php: {"insertSpaces":true,"tabSize":4}
iestate/resources/views/admin/requistions/show.blade.php: {"insertSpaces":true,"tabSize":4}
iestate/resources/views/admin/tenants/edit.blade.php: {"insertSpaces":true,"tabSize":4}
iestate/resources/views/admin/requistions/show.blade.php: {"insertSpaces":true,"tabSize":4}
iestate/resources/views/admin/requistions/show.blade.php: Using EditorConfig core...
resources/views/admin/requistions/show.blade.php: setEndOfLine(LF)
resources/views/admin/requistions/show.blade.php: editor.action.trimTrailingWhitespace
iestate/resources/views/admin/requistions/show.blade.php: Using EditorConfig core...
resources/views/admin/requistions/show.blade.php: setEndOfLine(LF)
resources/views/admin/requistions/show.blade.php: editor.action.trimTrailingWhitespace
iestate/resources/views/admin/requistions/show.blade.php: Using EditorConfig core...
resources/views/admin/requistions/show.blade.php: setEndOfLine(LF)
resources/views/admin/requistions/show.blade.php: editor.action.trimTrailingWhitespace
iestate/resources/views/admin/requistions/show.blade.php: Using EditorConfig core...
resources/views/admin/requistions/show.blade.php: setEndOfLine(LF)
resources/views/admin/requistions/show.blade.php: editor.action.trimTrailingWhitespace
iestate/resources/views/admin/tenants/edit.blade.php: {"insertSpaces":true,"tabSize":4}
iestate/resources/views/admin/requistions/show.blade.php: {"insertSpaces":true,"tabSize":4}
iestate/resources/views/admin/requistions/show.blade.php: Using EditorConfig core...
resources/views/admin/requistions/show.blade.php: setEndOfLine(LF)
resources/views/admin/requistions/show.blade.php: editor.action.trimTrailingWhitespace
iestate/resources/views/admin/requistions/show.blade.php: Using EditorConfig core...
resources/views/admin/requistions/show.blade.php: setEndOfLine(LF)
resources/views/admin/requistions/show.blade.php: editor.action.trimTrailingWhitespace
iestate/resources/views/admin/requistions/show.blade.php: Using EditorConfig core...
resources/views/admin/requistions/show.blade.php: setEndOfLine(LF)
resources/views/admin/requistions/show.blade.php: editor.action.trimTrailingWhitespace
iestate/resources/views/admin/tenants/edit.blade.php: {"insertSpaces":true,"tabSize":4}
iestate/resources/views/admin/requistions/show.blade.php: {"insertSpaces":true,"tabSize":4}
iestate/resources/views/admin/tenants/edit.blade.php: {"insertSpaces":true,"tabSize":4}
iestate/resources/views/admin/requistions/show.blade.php: {"insertSpaces":true,"tabSize":4}
iestate/resources/views/admin/requistions/edit.blade.php: {"insertSpaces":true,"tabSize":4}
iestate/resources/views/admin/requistions/show.blade.php: {"insertSpaces":true,"tabSize":4}
iestate/resources/views/admin/requistions/edit.blade.php: {"insertSpaces":true,"tabSize":4}
iestate/resources/views/admin/requistions/show.blade.php: {"insertSpaces":true,"tabSize":4}
iestate/resources/views/admin/requistions/edit.blade.php: {"insertSpaces":true,"tabSize":4}
iestate/resources/views/admin/requistions/edit.blade.php: {"insertSpaces":true,"tabSize":4}
iestate/resources/views/admin/requistions/show.blade.php: {"insertSpaces":true,"tabSize":4}
iestate/resources/views/admin/requistions/edit.blade.php: {"insertSpaces":true,"tabSize":4}
iestate/resources/views/admin/requistions/show.blade.php: {"insertSpaces":true,"tabSize":4}
iestate/resources/views/admin/requistions/show.blade.php: Using EditorConfig core...
resources/views/admin/requistions/show.blade.php: setEndOfLine(LF)
resources/views/admin/requistions/show.blade.php: editor.action.trimTrailingWhitespace
iestate/resources/views/admin/requistions/show.blade.php: Using EditorConfig core...
resources/views/admin/requistions/show.blade.php: setEndOfLine(LF)
resources/views/admin/requistions/show.blade.php: editor.action.trimTrailingWhitespace
iestate/resources/views/admin/tenants/edit.blade.php: {"insertSpaces":true,"tabSize":4}
iestate/resources/views/admin/tenants/show.blade.php: {"insertSpaces":true,"tabSize":4}
iestate/resources/views/admin/tenants/edit.blade.php: {"insertSpaces":true,"tabSize":4}
iestate/resources/views/admin/tenants/show.blade.php: {"insertSpaces":true,"tabSize":4}
iestate/resources/views/admin/tenants/edit.blade.php: {"insertSpaces":true,"tabSize":4}
iestate/resources/views/admin/tenants/show.blade.php: {"insertSpaces":true,"tabSize":4}
iestate/resources/views/admin/requistions/show.blade.php: {"insertSpaces":true,"tabSize":4}
iestate/resources/views/admin/requistions/show.blade.php: Using EditorConfig core...
resources/views/admin/requistions/show.blade.php: setEndOfLine(LF)
resources/views/admin/requistions/show.blade.php: editor.action.trimTrailingWhitespace
iestate/resources/views/admin/requistions/show.blade.php: Using EditorConfig core...
resources/views/admin/requistions/show.blade.php: setEndOfLine(LF)
resources/views/admin/requistions/show.blade.php: editor.action.trimTrailingWhitespace
iestate/resources/views/admin/requistions/show.blade.php: Using EditorConfig core...
resources/views/admin/requistions/show.blade.php: setEndOfLine(LF)
resources/views/admin/requistions/show.blade.php: editor.action.trimTrailingWhitespace
iestate/resources/views/admin/requistions/show.blade.php: Using EditorConfig core...
resources/views/admin/requistions/show.blade.php: setEndOfLine(LF)
resources/views/admin/requistions/show.blade.php: editor.action.trimTrailingWhitespace
iestate/resources/views/admin/requistions/show.blade.php: Using EditorConfig core...
resources/views/admin/requistions/show.blade.php: setEndOfLine(LF)
resources/views/admin/requistions/show.blade.php: editor.action.trimTrailingWhitespace
iestate/resources/views/admin/requistions/show.blade.php: Using EditorConfig core...
resources/views/admin/requistions/show.blade.php: setEndOfLine(LF)
resources/views/admin/requistions/show.blade.php: editor.action.trimTrailingWhitespace
iestate/resources/views/admin/requistions/show.blade.php: Using EditorConfig core...
resources/views/admin/requistions/show.blade.php: setEndOfLine(LF)
resources/views/admin/requistions/show.blade.php: editor.action.trimTrailingWhitespace
iestate/resources/views/admin/requistions/show.blade.php: Using EditorConfig core...
resources/views/admin/requistions/show.blade.php: setEndOfLine(LF)
resources/views/admin/requistions/show.blade.php: editor.action.trimTrailingWhitespace
iestate/resources/views/admin/requistions/show.blade.php: Using EditorConfig core...
resources/views/admin/requistions/show.blade.php: setEndOfLine(LF)
resources/views/admin/requistions/show.blade.php: editor.action.trimTrailingWhitespace
iestate/resources/views/admin/requistions/show.blade.php: Using EditorConfig core...
resources/views/admin/requistions/show.blade.php: setEndOfLine(LF)
resources/views/admin/requistions/show.blade.php: editor.action.trimTrailingWhitespace
iestate/resources/views/admin/requistions/show.blade.php: Using EditorConfig core...
resources/views/admin/requistions/show.blade.php: setEndOfLine(LF)
resources/views/admin/requistions/show.blade.php: editor.action.trimTrailingWhitespace
iestate/app/Http/Controllers/Admin/RequistionController.php: {"insertSpaces":true,"tabSize":4}
iestate/app/Requistion.php: {"insertSpaces":true,"tabSize":4}
iestate/resources/views/admin/requistions/show.blade.php: {"insertSpaces":true,"tabSize":4}
iestate/resources/views/admin/requistions/show.blade.php: Using EditorConfig core...
resources/views/admin/requistions/show.blade.php: setEndOfLine(LF)
resources/views/admin/requistions/show.blade.php: editor.action.trimTrailingWhitespace
iestate/resources/views/admin/requistions/show.blade.php: Using EditorConfig core...
resources/views/admin/requistions/show.blade.php: setEndOfLine(LF)
resources/views/admin/requistions/show.blade.php: editor.action.trimTrailingWhitespace
iestate/resources/views/admin/requistions/show.blade.php: Using EditorConfig core...
resources/views/admin/requistions/show.blade.php: setEndOfLine(LF)
resources/views/admin/requistions/show.blade.php: editor.action.trimTrailingWhitespace
iestate/resources/views/admin/requistions/show.blade.php: Using EditorConfig core...
resources/views/admin/requistions/show.blade.php: setEndOfLine(LF)
resources/views/admin/requistions/show.blade.php: editor.action.trimTrailingWhitespace
iestate/resources/views/admin/requistions/show.blade.php: Using EditorConfig core...
resources/views/admin/requistions/show.blade.php: setEndOfLine(LF)
resources/views/admin/requistions/show.blade.php: editor.action.trimTrailingWhitespace
iestate/resources/views/admin/requistions/show.blade.php: Using EditorConfig core...
resources/views/admin/requistions/show.blade.php: setEndOfLine(LF)
resources/views/admin/requistions/show.blade.php: editor.action.trimTrailingWhitespace
iestate/resources/views/admin/requistions/show.blade.php: {"insertSpaces":true,"tabSize":4}
iestate/resources/views/admin/requistions/show.blade.php: Using EditorConfig core...
resources/views/admin/requistions/show.blade.php: setEndOfLine(LF)
resources/views/admin/requistions/show.blade.php: editor.action.trimTrailingWhitespace
iestate/resources/views/admin/requistions/show.blade.php: Using EditorConfig core...
resources/views/admin/requistions/show.blade.php: setEndOfLine(LF)
resources/views/admin/requistions/show.blade.php: editor.action.trimTrailingWhitespace
iestate/resources/views/admin/requistions/show.blade.php: Using EditorConfig core...
resources/views/admin/requistions/show.blade.php: setEndOfLine(LF)
resources/views/admin/requistions/show.blade.php: editor.action.trimTrailingWhitespace
iestate/resources/views/admin/requistions/show.blade.php: Using EditorConfig core...
resources/views/admin/requistions/show.blade.php: setEndOfLine(LF)
resources/views/admin/requistions/show.blade.php: editor.action.trimTrailingWhitespace
iestate/resources/views/admin/requistions/show.blade.php: Using EditorConfig core...
resources/views/admin/requistions/show.blade.php: setEndOfLine(LF)
resources/views/admin/requistions/show.blade.php: editor.action.trimTrailingWhitespace
iestate/resources/views/admin/requistions/show.blade.php: {"insertSpaces":true,"tabSize":4}
iestate/resources/views/admin/requistions/show.blade.php: Using EditorConfig core...
resources/views/admin/requistions/show.blade.php: setEndOfLine(LF)
resources/views/admin/requistions/show.blade.php: editor.action.trimTrailingWhitespace
iestate/resources/views/admin/requistions/show.blade.php: Using EditorConfig core...
resources/views/admin/requistions/show.blade.php: setEndOfLine(LF)
resources/views/admin/requistions/show.blade.php: editor.action.trimTrailingWhitespace
iestate/resources/views/admin/requistions/show.blade.php: {"insertSpaces":true,"tabSize":4}
iestate/resources/views/admin/requistions/show.blade.php: {"insertSpaces":true,"tabSize":4}
iestate/resources/views/admin/requistions/show.blade.php: Using EditorConfig core...
resources/views/admin/requistions/show.blade.php: setEndOfLine(LF)
resources/views/admin/requistions/show.blade.php: editor.action.trimTrailingWhitespace
iestate/resources/views/admin/requistions/show.blade.php: Using EditorConfig core...
resources/views/admin/requistions/show.blade.php: setEndOfLine(LF)
resources/views/admin/requistions/show.blade.php: editor.action.trimTrailingWhitespace
iestate/resources/views/admin/requistions/show.blade.php: Using EditorConfig core...
resources/views/admin/requistions/show.blade.php: setEndOfLine(LF)
resources/views/admin/requistions/show.blade.php: editor.action.trimTrailingWhitespace
iestate/resources/views/admin/requistions/show.blade.php: Using EditorConfig core...
resources/views/admin/requistions/show.blade.php: setEndOfLine(LF)
resources/views/admin/requistions/show.blade.php: editor.action.trimTrailingWhitespace
iestate/resources/views/admin/requistions/show.blade.php: Using EditorConfig core...
resources/views/admin/requistions/show.blade.php: setEndOfLine(LF)
resources/views/admin/requistions/show.blade.php: editor.action.trimTrailingWhitespace
iestate/resources/views/admin/requistions/show.blade.php: Using EditorConfig core...
resources/views/admin/requistions/show.blade.php: setEndOfLine(LF)
resources/views/admin/requistions/show.blade.php: editor.action.trimTrailingWhitespace
iestate/resources/views/admin/requistions/show.blade.php: Using EditorConfig core...
resources/views/admin/requistions/show.blade.php: setEndOfLine(LF)
resources/views/admin/requistions/show.blade.php: editor.action.trimTrailingWhitespace
iestate/resources/views/admin/requistions/show.blade.php: Using EditorConfig core...
resources/views/admin/requistions/show.blade.php: setEndOfLine(LF)
resources/views/admin/requistions/show.blade.php: editor.action.trimTrailingWhitespace
iestate/resources/views/admin/requistions/show.blade.php: Using EditorConfig core...
resources/views/admin/requistions/show.blade.php: setEndOfLine(LF)
resources/views/admin/requistions/show.blade.php: editor.action.trimTrailingWhitespace
iestate/resources/views/admin/requistions/show.blade.php: Using EditorConfig core...
resources/views/admin/requistions/show.blade.php: setEndOfLine(LF)
resources/views/admin/requistions/show.blade.php: editor.action.trimTrailingWhitespace
iestate/resources/views/admin/requistions/show.blade.php: Using EditorConfig core...
resources/views/admin/requistions/show.blade.php: setEndOfLine(LF)
resources/views/admin/requistions/show.blade.php: editor.action.trimTrailingWhitespace
iestate/resources/views/admin/requistions/show.blade.php: Using EditorConfig core...
resources/views/admin/requistions/show.blade.php: setEndOfLine(LF)
resources/views/admin/requistions/show.blade.php: editor.action.trimTrailingWhitespace
iestate/resources/views/admin/requistions/show.blade.php: {"insertSpaces":true,"tabSize":4}
iestate/resources/views/admin/requistions/show.blade.php: Using EditorConfig core...
resources/views/admin/requistions/show.blade.php: setEndOfLine(LF)
resources/views/admin/requistions/show.blade.php: editor.action.trimTrailingWhitespace
iestate/resources/views/admin/requistions/show.blade.php: {"insertSpaces":true,"tabSize":4}
iestate/resources/views/admin/requistions/show.blade.php: Using EditorConfig core...
resources/views/admin/requistions/show.blade.php: setEndOfLine(LF)
resources/views/admin/requistions/show.blade.php: editor.action.trimTrailingWhitespace
iestate/resources/views/admin/requistions/show.blade.php: Using EditorConfig core...
resources/views/admin/requistions/show.blade.php: setEndOfLine(LF)
resources/views/admin/requistions/show.blade.php: editor.action.trimTrailingWhitespace
iestate/app/Http/Controllers/Admin/RequistionController.php: {"insertSpaces":true,"tabSize":4}
iestate/app/Requistion.php: {"insertSpaces":true,"tabSize":4}
iestate/resources/views/admin/requistions/show.blade.php: {"insertSpaces":true,"tabSize":4}
iestate/resources/views/admin/requistions/show.blade.php: Using EditorConfig core...
resources/views/admin/requistions/show.blade.php: setEndOfLine(LF)
resources/views/admin/requistions/show.blade.php: editor.action.trimTrailingWhitespace
iestate/resources/views/admin/requistions/show.blade.php: Using EditorConfig core...
resources/views/admin/requistions/show.blade.php: setEndOfLine(LF)
resources/views/admin/requistions/show.blade.php: editor.action.trimTrailingWhitespace
iestate/resources/views/admin/requistions/show.blade.php: Using EditorConfig core...
resources/views/admin/requistions/show.blade.php: setEndOfLine(LF)
resources/views/admin/requistions/show.blade.php: editor.action.trimTrailingWhitespace
iestate/resources/views/admin/requistions/show.blade.php: Using EditorConfig core...
resources/views/admin/requistions/show.blade.php: setEndOfLine(LF)
resources/views/admin/requistions/show.blade.php: editor.action.trimTrailingWhitespace
iestate/resources/views/admin/requistions/show.blade.php: Using EditorConfig core...
resources/views/admin/requistions/show.blade.php: setEndOfLine(LF)
resources/views/admin/requistions/show.blade.php: editor.action.trimTrailingWhitespace
iestate/resources/views/admin/requistions/show.blade.php: Using EditorConfig core...
resources/views/admin/requistions/show.blade.php: setEndOfLine(LF)
resources/views/admin/requistions/show.blade.php: editor.action.trimTrailingWhitespace
iestate/resources/views/admin/requistions/show.blade.php: Using EditorConfig core...
resources/views/admin/requistions/show.blade.php: setEndOfLine(LF)
resources/views/admin/requistions/show.blade.php: editor.action.trimTrailingWhitespace
iestate/resources/views/admin/requistions/show.blade.php: Using EditorConfig core...
resources/views/admin/requistions/show.blade.php: setEndOfLine(LF)
resources/views/admin/requistions/show.blade.php: editor.action.trimTrailingWhitespace
iestate/resources/views/admin/requistions/show.blade.php: Using EditorConfig core...
resources/views/admin/requistions/show.blade.php: setEndOfLine(LF)
resources/views/admin/requistions/show.blade.php: editor.action.trimTrailingWhitespace
iestate/resources/views/admin/requistions/show.blade.php: Using EditorConfig core...
resources/views/admin/requistions/show.blade.php: setEndOfLine(LF)
resources/views/admin/requistions/show.blade.php: editor.action.trimTrailingWhitespace
iestate/resources/views/admin/requistions/show.blade.php: Using EditorConfig core...
resources/views/admin/requistions/show.blade.php: setEndOfLine(LF)
resources/views/admin/requistions/show.blade.php: editor.action.trimTrailingWhitespace
iestate/resources/views/admin/requistions/show.blade.php: Using EditorConfig core...
resources/views/admin/requistions/show.blade.php: setEndOfLine(LF)
resources/views/admin/requistions/show.blade.php: editor.action.trimTrailingWhitespace
iestate/resources/views/admin/requistions/show.blade.php: Using EditorConfig core...
resources/views/admin/requistions/show.blade.php: setEndOfLine(LF)
resources/views/admin/requistions/show.blade.php: editor.action.trimTrailingWhitespace
iestate/resources/views/admin/requistions/show.blade.php: Using EditorConfig core...
resources/views/admin/requistions/show.blade.php: setEndOfLine(LF)
resources/views/admin/requistions/show.blade.php: editor.action.trimTrailingWhitespace
iestate/resources/views/admin/requistions/show.blade.php: Using EditorConfig core...
resources/views/admin/requistions/show.blade.php: setEndOfLine(LF)
resources/views/admin/requistions/show.blade.php: editor.action.trimTrailingWhitespace
iestate/resources/views/admin/requistions/show.blade.php: Using EditorConfig core...
resources/views/admin/requistions/show.blade.php: setEndOfLine(LF)
resources/views/admin/requistions/show.blade.php: editor.action.trimTrailingWhitespace
iestate/resources/views/admin/requistions/show.blade.php: Using EditorConfig core...
resources/views/admin/requistions/show.blade.php: setEndOfLine(LF)
resources/views/admin/requistions/show.blade.php: editor.action.trimTrailingWhitespace
iestate/resources/views/admin/requistions/show.blade.php: Using EditorConfig core...
resources/views/admin/requistions/show.blade.php: setEndOfLine(LF)
resources/views/admin/requistions/show.blade.php: editor.action.trimTrailingWhitespace
iestate/resources/views/admin/requistions/show.blade.php: Using EditorConfig core...
resources/views/admin/requistions/show.blade.php: setEndOfLine(LF)
resources/views/admin/requistions/show.blade.php: editor.action.trimTrailingWhitespace
iestate/resources/views/admin/requistions/show.blade.php: Using EditorConfig core...
resources/views/admin/requistions/show.blade.php: setEndOfLine(LF)
resources/views/admin/requistions/show.blade.php: editor.action.trimTrailingWhitespace
iestate/resources/views/admin/requistions/show.blade.php: Using EditorConfig core...
resources/views/admin/requistions/show.blade.php: setEndOfLine(LF)
resources/views/admin/requistions/show.blade.php: editor.action.trimTrailingWhitespace
iestate/resources/views/admin/requistions/show.blade.php: Using EditorConfig core...
resources/views/admin/requistions/show.blade.php: setEndOfLine(LF)
resources/views/admin/requistions/show.blade.php: editor.action.trimTrailingWhitespace
iestate/resources/views/admin/requistions/show.blade.php: Using EditorConfig core...
resources/views/admin/requistions/show.blade.php: setEndOfLine(LF)
resources/views/admin/requistions/show.blade.php: editor.action.trimTrailingWhitespace
iestate/resources/views/admin/requistions/show.blade.php: {"insertSpaces":true,"tabSize":4}
iestate/resources/views/admin/requistions/edit.blade.php: {"insertSpaces":true,"tabSize":4}
iestate/resources/views/admin/requistions/edit.blade.php: {"insertSpaces":true,"tabSize":4}
iestate/resources/views/admin/requistions/create.blade.php: {"insertSpaces":true,"tabSize":4}
iestate/resources/views/admin/requistions/create.blade.php: {"insertSpaces":true,"tabSize":4}
iestate/resources/views/admin/requistions/create.blade.php: {"insertSpaces":true,"tabSize":4}
iestate/resources/views/admin/requistions/edit.blade.php: {"insertSpaces":true,"tabSize":4}
iestate/resources/views/admin/requistions/edit.blade.php: Using EditorConfig core...
resources/views/admin/requistions/edit.blade.php: setEndOfLine(LF)
resources/views/admin/requistions/edit.blade.php: editor.action.trimTrailingWhitespace
resources/views/admin/requistions/edit.blade.php: insertFinalNewline(LF)
iestate/resources/views/admin/requistions/edit.blade.php: {"insertSpaces":true,"tabSize":4}
iestate/resources/views/admin/tenants/edit.blade.php: {"insertSpaces":true,"tabSize":4}
iestate/resources/views/admin/requistions/edit.blade.php: {"insertSpaces":true,"tabSize":4}
iestate/resources/views/admin/requistions/edit.blade.php: Using EditorConfig core...
resources/views/admin/requistions/edit.blade.php: setEndOfLine(LF)
resources/views/admin/requistions/edit.blade.php: editor.action.trimTrailingWhitespace
iestate/resources/views/admin/requistions/edit.blade.php: Using EditorConfig core...
resources/views/admin/requistions/edit.blade.php: setEndOfLine(LF)
resources/views/admin/requistions/edit.blade.php: editor.action.trimTrailingWhitespace
iestate/resources/views/admin/requistions/edit.blade.php: Using EditorConfig core...
resources/views/admin/requistions/edit.blade.php: setEndOfLine(LF)
resources/views/admin/requistions/edit.blade.php: editor.action.trimTrailingWhitespace
iestate/resources/views/admin/requistions/edit.blade.php: Using EditorConfig core...
resources/views/admin/requistions/edit.blade.php: setEndOfLine(LF)
resources/views/admin/requistions/edit.blade.php: editor.action.trimTrailingWhitespace
iestate/app/Http/Controllers/Admin/RequistionController.php: {"insertSpaces":true,"tabSize":4}
iestate/app/Http/Controllers/Admin/RequistionController.php: Using EditorConfig core...
app/Http/Controllers/Admin/RequistionController.php: setEndOfLine(LF)
app/Http/Controllers/Admin/RequistionController.php: editor.action.trimTrailingWhitespace
iestate/app/Http/Controllers/Admin/RequistionController.php: Using EditorConfig core...
app/Http/Controllers/Admin/RequistionController.php: setEndOfLine(LF)
app/Http/Controllers/Admin/RequistionController.php: editor.action.trimTrailingWhitespace
iestate/app/Http/Controllers/Admin/TenantController.php: {"insertSpaces":true,"tabSize":4}
iestate/app/Http/Controllers/Admin/RequistionController.php: {"insertSpaces":true,"tabSize":4}
iestate/app/Http/Controllers/Admin/RequistionController.php: Using EditorConfig core...
app/Http/Controllers/Admin/RequistionController.php: setEndOfLine(LF)
app/Http/Controllers/Admin/RequistionController.php: editor.action.trimTrailingWhitespace
iestate/app/Http/Controllers/Admin/RequistionController.php: {"insertSpaces":true,"tabSize":4}
iestate/app/Http/Controllers/Admin/TenantController.php: {"insertSpaces":true,"tabSize":4}
iestate/app/Http/Controllers/Admin/RequistionController.php: {"insertSpaces":true,"tabSize":4}
iestate/app/Http/Controllers/Admin/RequistionController.php: Using EditorConfig core...
app/Http/Controllers/Admin/RequistionController.php: setEndOfLine(LF)
app/Http/Controllers/Admin/RequistionController.php: editor.action.trimTrailingWhitespace
iestate/app/Http/Controllers/Admin/RequistionController.php: {"insertSpaces":true,"tabSize":4}
iestate/app/Http/Controllers/Admin/VacancyController.php: {"insertSpaces":true,"tabSize":4}
iestate/app/Http/Controllers/Admin/VacancyController.php: {"insertSpaces":true,"tabSize":4}
iestate/app/Http/Controllers/Admin/VacancyController.php: {"insertSpaces":true,"tabSize":4}
iestate/resources/views/admin/tenants/txt.txt: {"insertSpaces":true,"tabSize":4}
iestate/resources/views/admin/vacancies/edit.blade.php: {"insertSpaces":true,"tabSize":4}
iestate/resources/views/admin/vacancies/edit.blade.php: Using EditorConfig core...
resources/views/admin/vacancies/edit.blade.php: setEndOfLine(LF)
resources/views/admin/vacancies/edit.blade.php: editor.action.trimTrailingWhitespace
resources/views/admin/vacancies/edit.blade.php: insertFinalNewline(LF)
iestate/resources/views/admin/vacancies/edit.blade.php: Using EditorConfig core...
resources/views/admin/vacancies/edit.blade.php: setEndOfLine(LF)
resources/views/admin/vacancies/edit.blade.php: editor.action.trimTrailingWhitespace
iestate/resources/views/admin/vacancies/edit.blade.php: Using EditorConfig core...
resources/views/admin/vacancies/edit.blade.php: setEndOfLine(LF)
resources/views/admin/vacancies/edit.blade.php: editor.action.trimTrailingWhitespace
iestate/resources/views/admin/vacancies/edit.blade.php: Using EditorConfig core...
resources/views/admin/vacancies/edit.blade.php: setEndOfLine(LF)
resources/views/admin/vacancies/edit.blade.php: editor.action.trimTrailingWhitespace
iestate/resources/views/admin/tenants/edit.blade.php: {"insertSpaces":true,"tabSize":4}
iestate/resources/views/admin/vacancies/edit.blade.php: {"insertSpaces":true,"tabSize":4}
iestate/resources/views/admin/vacancies/edit.blade.php: Using EditorConfig core...
resources/views/admin/vacancies/edit.blade.php: setEndOfLine(LF)
resources/views/admin/vacancies/edit.blade.php: editor.action.trimTrailingWhitespace
iestate/resources/views/admin/vacancies/edit.blade.php: Using EditorConfig core...
resources/views/admin/vacancies/edit.blade.php: setEndOfLine(LF)
resources/views/admin/vacancies/edit.blade.php: editor.action.trimTrailingWhitespace
iestate/resources/views/admin/vacancies/edit.blade.php: Using EditorConfig core...
resources/views/admin/vacancies/edit.blade.php: setEndOfLine(LF)
resources/views/admin/vacancies/edit.blade.php: editor.action.trimTrailingWhitespace
iestate/resources/views/admin/vacancies/edit.blade.php: Using EditorConfig core...
resources/views/admin/vacancies/edit.blade.php: setEndOfLine(LF)
resources/views/admin/vacancies/edit.blade.php: editor.action.trimTrailingWhitespace
iestate/resources/views/admin/vacancies/edit.blade.php: {"insertSpaces":true,"tabSize":4}
iestate/resources/views/admin/properties/edit.blade.php: {"insertSpaces":true,"tabSize":4}
iestate/resources/views/admin/properties/show.blade.php: {"insertSpaces":true,"tabSize":4}
iestate/resources/views/admin/requistions/edit.blade.php: {"insertSpaces":true,"tabSize":4}
iestate/resources/views/admin/properties/show.blade.php: {"insertSpaces":true,"tabSize":4}
iestate/resources/views/admin/requistions/show.blade.php: {"insertSpaces":true,"tabSize":4}
iestate/resources/views/admin/properties/show.blade.php: {"insertSpaces":true,"tabSize":4}
iestate/resources/views/admin/properties/show.blade.php: Using EditorConfig core...
resources/views/admin/properties/show.blade.php: setEndOfLine(LF)
resources/views/admin/properties/show.blade.php: editor.action.trimTrailingWhitespace
resources/views/admin/properties/show.blade.php: insertFinalNewline(LF)
iestate/resources/views/admin/properties/show.blade.php: Using EditorConfig core...
resources/views/admin/properties/show.blade.php: setEndOfLine(LF)
resources/views/admin/properties/show.blade.php: editor.action.trimTrailingWhitespace
iestate/resources/views/admin/properties/show.blade.php: Using EditorConfig core...
resources/views/admin/properties/show.blade.php: setEndOfLine(LF)
resources/views/admin/properties/show.blade.php: editor.action.trimTrailingWhitespace
iestate/resources/views/admin/properties/show.blade.php: Using EditorConfig core...
resources/views/admin/properties/show.blade.php: setEndOfLine(LF)
resources/views/admin/properties/show.blade.php: editor.action.trimTrailingWhitespace
iestate/resources/views/admin/properties/show.blade.php: Using EditorConfig core...
resources/views/admin/properties/show.blade.php: setEndOfLine(LF)
resources/views/admin/properties/show.blade.php: editor.action.trimTrailingWhitespace
iestate/resources/views/admin/properties/show.blade.php: Using EditorConfig core...
resources/views/admin/properties/show.blade.php: setEndOfLine(LF)
resources/views/admin/properties/show.blade.php: editor.action.trimTrailingWhitespace
iestate/resources/views/admin/properties/show.blade.php: Using EditorConfig core...
resources/views/admin/properties/show.blade.php: setEndOfLine(LF)
resources/views/admin/properties/show.blade.php: editor.action.trimTrailingWhitespace
iestate/resources/views/admin/properties/show.blade.php: Using EditorConfig core...
resources/views/admin/properties/show.blade.php: setEndOfLine(LF)
resources/views/admin/properties/show.blade.php: editor.action.trimTrailingWhitespace
iestate/resources/views/admin/properties/show.blade.php: {"insertSpaces":true,"tabSize":4}
iestate/resources/views/admin/requistions/show.blade.php: {"insertSpaces":true,"tabSize":4}
iestate/resources/views/admin/properties/show.blade.php: {"insertSpaces":true,"tabSize":4}
iestate/resources/views/admin/properties/show.blade.php: {"insertSpaces":true,"tabSize":4}
iestate/resources/views/admin/properties/show.blade.php: Using EditorConfig core...
resources/views/admin/properties/show.blade.php: setEndOfLine(LF)
resources/views/admin/properties/show.blade.php: editor.action.trimTrailingWhitespace
iestate/resources/views/admin/properties/show.blade.php: Using EditorConfig core...
resources/views/admin/properties/show.blade.php: setEndOfLine(LF)
resources/views/admin/properties/show.blade.php: editor.action.trimTrailingWhitespace
iestate/resources/views/admin/properties/show.blade.php: {"insertSpaces":true,"tabSize":4}
iestate/resources/views/admin/properties/show.blade.php: Using EditorConfig core...
resources/views/admin/properties/show.blade.php: setEndOfLine(LF)
resources/views/admin/properties/show.blade.php: editor.action.trimTrailingWhitespace
iestate/resources/views/admin/properties/show.blade.php: {"insertSpaces":true,"tabSize":4}
iestate/resources/views/admin/properties/create.blade.php: {"insertSpaces":true,"tabSize":4}
iestate/resources/views/admin/properties/create.blade.php: {"insertSpaces":true,"tabSize":4}
iestate/resources/views/admin/properties/create.blade.php: {"insertSpaces":true,"tabSize":4}
iestate/resources/views/admin/properties/create.blade.php: {"insertSpaces":true,"tabSize":4}
iestate/resources/views/admin/properties/create.blade.php: {"insertSpaces":true,"tabSize":4}
iestate/app/Http/Controllers/Admin/PropertyController.php: {"insertSpaces":true,"tabSize":4}
iestate/app/Property.php: {"insertSpaces":true,"tabSize":4}
iestate/app/Http/Controllers/Admin/PropertyController.php: {"insertSpaces":true,"tabSize":4}
iestate/resources/views/admin/properties/create.blade.php: {"insertSpaces":true,"tabSize":4}
iestate/app/Http/Controllers/Admin/PropertyController.php: {"insertSpaces":true,"tabSize":4}
iestate/app/Http/Controllers/Admin/PropertyController.php: Using EditorConfig core...
app/Http/Controllers/Admin/PropertyController.php: setEndOfLine(LF)
app/Http/Controllers/Admin/PropertyController.php: editor.action.trimTrailingWhitespace
iestate/app/Http/Controllers/Admin/PropertyController.php: Using EditorConfig core...
app/Http/Controllers/Admin/PropertyController.php: setEndOfLine(LF)
app/Http/Controllers/Admin/PropertyController.php: editor.action.trimTrailingWhitespace
iestate/app/Http/Controllers/Admin/PropertyController.php: {"insertSpaces":true,"tabSize":4}
iestate/resources/views/admin/properties/create.blade.php: {"insertSpaces":true,"tabSize":4}
iestate/resources/views/admin/properties/create.blade.php: Using EditorConfig core...
resources/views/admin/properties/create.blade.php: setEndOfLine(LF)
resources/views/admin/properties/create.blade.php: editor.action.trimTrailingWhitespace
resources/views/admin/properties/create.blade.php: insertFinalNewline(LF)
iestate/app/Http/Controllers/Admin/PropertyController.php: {"insertSpaces":true,"tabSize":4}
iestate/app/Http/Controllers/Admin/PropertyController.php: Using EditorConfig core...
app/Http/Controllers/Admin/PropertyController.php: setEndOfLine(LF)
app/Http/Controllers/Admin/PropertyController.php: editor.action.trimTrailingWhitespace
iestate/app/Http/Controllers/Admin/PropertyController.php: {"insertSpaces":true,"tabSize":4}
iestate/resources/views/admin/vacancies/edit.blade.php: {"insertSpaces":true,"tabSize":4}
iestate/resources/views/admin/properties/create.blade.php: {"insertSpaces":true,"tabSize":4}
iestate/resources/views/admin/properties/create.blade.php: Using EditorConfig core...
resources/views/admin/properties/create.blade.php: setEndOfLine(LF)
resources/views/admin/properties/create.blade.php: editor.action.trimTrailingWhitespace
iestate/resources/views/admin/properties/create.blade.php: Using EditorConfig core...
resources/views/admin/properties/create.blade.php: setEndOfLine(LF)
resources/views/admin/properties/create.blade.php: editor.action.trimTrailingWhitespace
iestate/resources/views/admin/properties/create.blade.php: Using EditorConfig core...
resources/views/admin/properties/create.blade.php: setEndOfLine(LF)
resources/views/admin/properties/create.blade.php: editor.action.trimTrailingWhitespace
iestate/resources/views/admin/properties/create.blade.php: {"insertSpaces":true,"tabSize":4}
iestate/resources/views/admin/properties/create.blade.php: Using EditorConfig core...
resources/views/admin/properties/create.blade.php: setEndOfLine(LF)
resources/views/admin/properties/create.blade.php: editor.action.trimTrailingWhitespace
iestate/resources/views/admin/properties/create.blade.php: Using EditorConfig core...
resources/views/admin/properties/create.blade.php: setEndOfLine(LF)
resources/views/admin/properties/create.blade.php: editor.action.trimTrailingWhitespace
iestate/resources/views/admin/properties/create.blade.php: Using EditorConfig core...
resources/views/admin/properties/create.blade.php: setEndOfLine(LF)
resources/views/admin/properties/create.blade.php: editor.action.trimTrailingWhitespace
iestate/app/Http/Controllers/Admin/PropertyController.php: {"insertSpaces":true,"tabSize":4}
iestate/app/Http/Controllers/Admin/PropertyController.php: Using EditorConfig core...
app/Http/Controllers/Admin/PropertyController.php: setEndOfLine(LF)
app/Http/Controllers/Admin/PropertyController.php: editor.action.trimTrailingWhitespace
iestate/app/Http/Controllers/Admin/PropertyController.php: Using EditorConfig core...
app/Http/Controllers/Admin/PropertyController.php: setEndOfLine(LF)
app/Http/Controllers/Admin/PropertyController.php: editor.action.trimTrailingWhitespace
